2025-08-04 22:40:16,226 [INFO] Activator:176 - 


2025-08-04 22:40:16,231 [INFO] Activator:177 - !SESSION log4j initialized
2025-08-04 22:40:19,673 [INFO] LogOutputStream:77 - [STDOUT_REDIRECT] 
2025-08-04 22:40:21,846 [INFO] ApplicationProperties:184 - Using Application install path: C:\ST\STM32CubeIDE_1.16.0\STM32CubeIDE\plugins\com.st.stm32cube.common.mx_6.12.0.202406281431
2025-08-04 22:40:21,858 [INFO] DbMcusXml:78 - Set database path to: C:\ST\STM32CubeIDE_1.16.0\STM32CubeIDE\plugins\com.st.stm32cube.common.mx_6.12.0.202406281431\\db\/mcu/
2025-08-04 22:40:21,858 [INFO] ApiDb:274 - Set plugin database path to: C:\ST\STM32CubeIDE_1.16.0\STM32CubeIDE\plugins\com.st.stm32cube.common.mx_6.12.0.202406281431\\db\/plugins/boardmanager/
2025-08-04 22:40:21,858 [WARN] ApiDb:259 - Overriding images path with different value:  => C:\ST\STM32CubeIDE_1.16.0\STM32CubeIDE\plugins\com.st.stm32cube.common.mx_6.12.0.202406281431\\db\/plugins/mcufinder/images/
2025-08-04 22:40:21,865 [INFO] ApiDb:250 - Set database path to: C:\Users\Daniel\.stmcufinder\plugins\mcufinder//mcu/
2025-08-04 22:40:21,866 [INFO] DbMcusAds:125 - Set database path to: C:\Users\Daniel\.stmcufinder\plugins\mcufinder//mcu/
2025-08-04 22:40:21,868 [INFO] CrossReferenceDbSqlite:203 - Set database path to: C:\Users\Daniel\.stmcufinder\plugins\mcufinder//mcu/cs/
2025-08-04 22:40:21,951 [INFO] RulesReader:64 - Compatibility file has been processed (297 Rules)
2025-08-04 22:40:22,010 [INFO] DbMcusXml:78 - Set database path to: C:\ST\STM32CubeIDE_1.16.0\STM32CubeIDE\plugins\com.st.stm32cube.common.mx_6.12.0.202406281431\\db\/mcu/
2025-08-04 22:40:22,010 [INFO] ApiDb:274 - Set plugin database path to: C:\ST\STM32CubeIDE_1.16.0\STM32CubeIDE\plugins\com.st.stm32cube.common.mx_6.12.0.202406281431\\db\/plugins/boardmanager/
2025-08-04 22:40:22,010 [INFO] ApiDb:261 - Set plugin images path to: C:\ST\STM32CubeIDE_1.16.0\STM32CubeIDE\plugins\com.st.stm32cube.common.mx_6.12.0.202406281431\\db\/plugins/mcufinder/images/
2025-08-04 22:40:22,010 [WARN] DbFile:41 - Overriding database path with different value: C:\Users\Daniel\.stmcufinder\plugins\mcufinder/ => C:\Users\Daniel\.stmcufinder\plugins\mcufinder
2025-08-04 22:40:22,010 [INFO] ApiDb:250 - Set database path to: C:\Users\Daniel\.stmcufinder\plugins\mcufinder//mcu/
2025-08-04 22:40:22,010 [WARN] DbFile:41 - Overriding database path with different value: C:\Users\Daniel\.stmcufinder\plugins\mcufinder/ => C:\Users\Daniel\.stmcufinder\plugins\mcufinder
2025-08-04 22:40:22,010 [INFO] DbMcusAds:125 - Set database path to: C:\Users\Daniel\.stmcufinder\plugins\mcufinder//mcu/
2025-08-04 22:40:22,010 [WARN] DbFile:41 - Overriding database path with different value: C:\Users\Daniel\.stmcufinder\plugins\mcufinder/ => C:\Users\Daniel\.stmcufinder\plugins\mcufinder
2025-08-04 22:40:22,010 [WARN] DbFile:41 - Overriding database path with different value: C:\Users\Daniel\.stmcufinder\plugins\mcufinder/ => C:\Users\Daniel\.stmcufinder\plugins\mcufinder
2025-08-04 22:40:22,010 [INFO] CrossReferenceDbSqlite:203 - Set database path to: C:\Users\Daniel\.stmcufinder\plugins\mcufinder//mcu/cs/
2025-08-04 22:40:22,067 [INFO] MainPanel:268 - HeapMemory: 268435456
2025-08-04 22:40:22,138 [INFO] DbMcusXml:78 - Set database path to: C:\ST\STM32CubeIDE_1.16.0\STM32CubeIDE\plugins\com.st.stm32cube.common.mx_6.12.0.202406281431\\db\/mcu/
2025-08-04 22:40:22,138 [INFO] ApiDb:274 - Set plugin database path to: C:\ST\STM32CubeIDE_1.16.0\STM32CubeIDE\plugins\com.st.stm32cube.common.mx_6.12.0.202406281431\\db\/plugins/boardmanager/
2025-08-04 22:40:22,138 [INFO] ApiDb:261 - Set plugin images path to: C:\ST\STM32CubeIDE_1.16.0\STM32CubeIDE\plugins\com.st.stm32cube.common.mx_6.12.0.202406281431\\db\/plugins/mcufinder/images/
2025-08-04 22:40:22,139 [WARN] DbFile:41 - Overriding database path with different value: C:\Users\Daniel\.stmcufinder\plugins\mcufinder/ => C:\Users\Daniel\.stmcufinder\plugins\mcufinder
2025-08-04 22:40:22,139 [INFO] ApiDb:250 - Set database path to: C:\Users\Daniel\.stmcufinder\plugins\mcufinder//mcu/
2025-08-04 22:40:22,139 [WARN] DbFile:41 - Overriding database path with different value: C:\Users\Daniel\.stmcufinder\plugins\mcufinder/ => C:\Users\Daniel\.stmcufinder\plugins\mcufinder
2025-08-04 22:40:22,139 [INFO] DbMcusAds:125 - Set database path to: C:\Users\Daniel\.stmcufinder\plugins\mcufinder//mcu/
2025-08-04 22:40:22,139 [WARN] DbFile:41 - Overriding database path with different value: C:\Users\Daniel\.stmcufinder\plugins\mcufinder/ => C:\Users\Daniel\.stmcufinder\plugins\mcufinder
2025-08-04 22:40:22,139 [WARN] DbFile:41 - Overriding database path with different value: C:\Users\Daniel\.stmcufinder\plugins\mcufinder/ => C:\Users\Daniel\.stmcufinder\plugins\mcufinder
2025-08-04 22:40:22,139 [INFO] CrossReferenceDbSqlite:203 - Set database path to: C:\Users\Daniel\.stmcufinder\plugins\mcufinder//mcu/cs/
2025-08-04 22:40:22,151 [INFO] ApplicationProperties:184 - Using Application install path: C:\ST\STM32CubeIDE_1.16.0\STM32CubeIDE\plugins\com.st.stm32cube.common.mx_6.12.0.202406281431
2025-08-04 22:40:22,152 [INFO] PluginManage:196 - Search for loadable plugins [exclusion list=, ]
2025-08-04 22:40:22,153 [INFO] PluginManage:310 - Check plugin analytics
2025-08-04 22:40:22,254 [INFO] AnalyticsPlugin:253 - Accepted Software Licenses: 
2025-08-04 22:40:22,254 [INFO] AnalyticsPlugin:255 - Accepted CMSIS Pack Licenses: STMicroelectronics.X-CUBE-TOUCHGFX.4.24.1,STMicroelectronics.X-CUBE-TOF1.3.4.2,STMicroelectronics.X-CUBE-TCPP.4.2.0,STMicroelectronics.X-CUBE-FREERTOS.1.3.0,STMicroelectronics.X-CUBE-BLEMGR.4.0.0,STMicroelectronics.X-CUBE-AI.9.1.0
2025-08-04 22:40:22,254 [INFO] AnalyticsPlugin:257 - Accepted Firmware Licenses: FW.F4.1.28.0
2025-08-04 22:40:22,255 [INFO] PluginManage:359 - Loaded plugin analytics (category:tool,tabindex:-1)
2025-08-04 22:40:22,256 [INFO] PluginManage:310 - Check plugin cadmodel
2025-08-04 22:40:22,270 [INFO] CADModel:105 - Init CAD model plugin
2025-08-04 22:40:22,270 [INFO] PluginManage:359 - Loaded plugin cadmodel (category:power,tabindex:5)
2025-08-04 22:40:22,270 [INFO] PluginManage:310 - Check plugin clock
2025-08-04 22:40:22,284 [INFO] PluginManage:359 - Loaded plugin clock (category:base,tabindex:2)
2025-08-04 22:40:22,284 [INFO] PluginManage:310 - Check plugin ddr
2025-08-04 22:40:22,286 [INFO] PluginManage:359 - Loaded plugin ddr (category:tool,tabindex:6)
2025-08-04 22:40:22,286 [INFO] PluginManage:310 - Check plugin filemanager
2025-08-04 22:40:22,378 [INFO] PluginManage:359 - Loaded plugin filemanager (category:base,tabindex:10)
2025-08-04 22:40:22,378 [INFO] PluginManage:310 - Check plugin ipmanager
2025-08-04 22:40:22,383 [INFO] PluginManage:359 - Loaded plugin ipmanager (category:base,tabindex:5)
2025-08-04 22:40:22,383 [INFO] PluginManage:310 - Check plugin lpbam
2025-08-04 22:40:22,399 [INFO] PluginManage:359 - Loaded plugin lpbam (category:base,tabindex:0)
2025-08-04 22:40:22,399 [INFO] PluginManage:310 - Check plugin memorymap
2025-08-04 22:40:22,417 [INFO] PluginManage:359 - Loaded plugin memorymap (category:base,tabindex:4)
2025-08-04 22:40:22,417 [INFO] PluginManage:310 - Check plugin pinoutandconfiguration
2025-08-04 22:40:22,431 [INFO] PluginManage:359 - Loaded plugin pinoutandconfiguration (category:base,tabindex:1)
2025-08-04 22:40:22,431 [INFO] PluginManage:310 - Check plugin pinoutconfig
2025-08-04 22:40:22,496 [WARN] SupportedApi:132 - Cannot load RTOS API schema: s4s-elt-must-match.1: The content of 'definitions' must match (annotation?, (simpleType | complexType)?, (unique | key | keyref)*)). A problem was found starting at: attribute.
2025-08-04 22:40:22,588 [INFO] PluginManage:359 - Loaded plugin pinoutconfig (category:base,tabindex:0)
2025-08-04 22:40:22,588 [INFO] PluginManage:310 - Check plugin power
2025-08-04 22:40:22,605 [INFO] PluginManage:359 - Loaded plugin power (category:power,tabindex:4)
2025-08-04 22:40:22,606 [INFO] PluginManage:310 - Check plugin projectmanager
2025-08-04 22:40:22,615 [INFO] PluginManage:359 - Loaded plugin projectmanager (category:projectmanager,tabindex:4)
2025-08-04 22:40:22,615 [INFO] PluginManage:310 - Check plugin rif
2025-08-04 22:40:22,630 [INFO] PluginManage:359 - Loaded plugin rif (category:base,tabindex:3)
2025-08-04 22:40:22,630 [INFO] PluginManage:310 - Check plugin thirdparty
2025-08-04 22:40:22,822 [INFO] PluginManage:359 - Loaded plugin thirdparty (category:base,tabindex:-1)
2025-08-04 22:40:22,822 [WARN] IntegrityCheckThread:84 - waiting for thirdparty lock release [integrity check]
2025-08-04 22:40:22,822 [INFO] PluginManage:310 - Check plugin tools
2025-08-04 22:40:22,822 [INFO] IntegrityCheckThread:86 - entering critical section [integrity check]
2025-08-04 22:40:22,823 [INFO] ThirdPartyUpdaterWithRetryManager:70 - Updater plugin not ready yet. [1/15]
2025-08-04 22:40:22,850 [INFO] PluginManage:359 - Loaded plugin tools (category:base,tabindex:7)
2025-08-04 22:40:22,850 [INFO] PluginManage:310 - Check plugin tutovideos
2025-08-04 22:40:22,990 [INFO] PluginManage:359 - Loaded plugin tutovideos (category:base,tabindex:-1)
2025-08-04 22:40:22,990 [INFO] PluginManage:310 - Check plugin updater
2025-08-04 22:40:23,003 [INFO] PluginManage:359 - Loaded plugin updater (category:base,tabindex:12)
2025-08-04 22:40:23,003 [INFO] PluginManage:310 - Check plugin userauth
2025-08-04 22:40:23,007 [INFO] UserAuth:113 - Init User Auth plugin
2025-08-04 22:40:23,007 [INFO] PluginManage:359 - Loaded plugin userauth (category:base,tabindex:14)
2025-08-04 22:40:23,007 [INFO] PluginManage:283 - PluginManage : Loaded plugins [18]
2025-08-04 22:40:23,140 [INFO] PinOutPanel:1561 - setPackage(No Configuration,No Configuration)
2025-08-04 22:40:23,202 [INFO] CADModel:165 - CPN selected for project level
2025-08-04 22:40:23,203 [INFO] CADModel:114 - Register for checkConnection events
2025-08-04 22:40:23,225 [INFO] IPUIPlugin:80 - create IPUIPlugin
2025-08-04 22:40:23,226 [INFO] PluginManager:220 - loadIPPluginJar : add adc
2025-08-04 22:40:23,256 [INFO] IPUIPlugin:80 - create IPUIPlugin
2025-08-04 22:40:23,256 [INFO] PluginManager:220 - loadIPPluginJar : add aes
2025-08-04 22:40:23,286 [INFO] IPUIPlugin:80 - create IPUIPlugin
2025-08-04 22:40:23,286 [INFO] PluginManager:220 - loadIPPluginJar : add can
2025-08-04 22:40:23,305 [INFO] IPUIPlugin:80 - create IPUIPlugin
2025-08-04 22:40:23,305 [INFO] PluginManager:220 - loadIPPluginJar : add comp
2025-08-04 22:40:23,328 [INFO] IPUIPlugin:80 - create IPUIPlugin
2025-08-04 22:40:23,328 [INFO] PluginManager:220 - loadIPPluginJar : add cryp
2025-08-04 22:40:23,338 [INFO] IPUIPlugin:80 - create IPUIPlugin
2025-08-04 22:40:23,338 [INFO] PluginManager:220 - loadIPPluginJar : add ddr_ctrl_phy
2025-08-04 22:40:23,359 [INFO] IPUIPlugin:80 - create IPUIPlugin
2025-08-04 22:40:23,359 [INFO] PluginManager:220 - loadIPPluginJar : add dfsdm
2025-08-04 22:40:23,371 [INFO] IPUIPlugin:80 - create IPUIPlugin
2025-08-04 22:40:23,371 [INFO] PluginManager:220 - loadIPPluginJar : add dma
2025-08-04 22:40:23,406 [INFO] IPUIPlugin:80 - create IPUIPlugin
2025-08-04 22:40:23,406 [INFO] PluginManager:220 - loadIPPluginJar : add dma3
2025-08-04 22:40:23,440 [INFO] IPUIPlugin:80 - create IPUIPlugin
2025-08-04 22:40:23,440 [INFO] PluginManager:220 - loadIPPluginJar : add extmemmanager
2025-08-04 22:40:23,456 [INFO] IPUIPlugin:80 - create IPUIPlugin
2025-08-04 22:40:23,456 [INFO] PluginManager:220 - loadIPPluginJar : add fatfs
2025-08-04 22:40:23,491 [INFO] IPUIPlugin:80 - create IPUIPlugin
2025-08-04 22:40:23,491 [INFO] PluginManager:220 - loadIPPluginJar : add fmc
2025-08-04 22:40:23,504 [INFO] IPUIPlugin:80 - create IPUIPlugin
2025-08-04 22:40:23,504 [INFO] PluginManager:220 - loadIPPluginJar : add freertos
2025-08-04 22:40:23,520 [INFO] IPUIPlugin:80 - create IPUIPlugin
2025-08-04 22:40:23,520 [INFO] PluginManager:220 - loadIPPluginJar : add genericplugin
2025-08-04 22:40:23,585 [INFO] IPUIPlugin:80 - create IPUIPlugin
2025-08-04 22:40:23,586 [INFO] PluginManager:220 - loadIPPluginJar : add gfxmmu
2025-08-04 22:40:23,679 [INFO] IPUIPlugin:80 - create IPUIPlugin
2025-08-04 22:40:23,679 [INFO] PluginManager:220 - loadIPPluginJar : add gic
2025-08-04 22:40:23,689 [INFO] IPUIPlugin:80 - create IPUIPlugin
2025-08-04 22:40:23,689 [INFO] PluginManager:220 - loadIPPluginJar : add gpio
2025-08-04 22:40:23,756 [INFO] IPUIPlugin:80 - create IPUIPlugin
2025-08-04 22:40:23,756 [INFO] PluginManager:220 - loadIPPluginJar : add gtzc
2025-08-04 22:40:23,780 [INFO] IPUIPlugin:80 - create IPUIPlugin
2025-08-04 22:40:23,780 [INFO] PluginManager:220 - loadIPPluginJar : add hash
2025-08-04 22:40:23,819 [INFO] IPUIPlugin:80 - create IPUIPlugin
2025-08-04 22:40:23,819 [INFO] PluginManager:220 - loadIPPluginJar : add i2c
2025-08-04 22:40:23,848 [INFO] IPUIPlugin:80 - create IPUIPlugin
2025-08-04 22:40:23,848 [INFO] PluginManager:220 - loadIPPluginJar : add i2s
2025-08-04 22:40:23,878 [INFO] IPUIPlugin:80 - create IPUIPlugin
2025-08-04 22:40:23,878 [INFO] PluginManager:220 - loadIPPluginJar : add i3c
2025-08-04 22:40:23,950 [INFO] IPUIPlugin:80 - create IPUIPlugin
2025-08-04 22:40:23,951 [INFO] PluginManager:220 - loadIPPluginJar : add ipddr
2025-08-04 22:40:24,018 [INFO] IPUIPlugin:80 - create IPUIPlugin
2025-08-04 22:40:24,018 [INFO] PluginManager:220 - loadIPPluginJar : add linkedlist
2025-08-04 22:40:24,044 [INFO] IPUIPlugin:80 - create IPUIPlugin
2025-08-04 22:40:24,045 [INFO] PluginManager:220 - loadIPPluginJar : add lorawan
2025-08-04 22:40:24,071 [INFO] IPUIPlugin:80 - create IPUIPlugin
2025-08-04 22:40:24,071 [INFO] PluginManager:220 - loadIPPluginJar : add ltdc
2025-08-04 22:40:24,081 [INFO] IPUIPlugin:80 - create IPUIPlugin
2025-08-04 22:40:24,081 [INFO] PluginManager:220 - loadIPPluginJar : add mdma
2025-08-04 22:40:24,091 [INFO] IPUIPlugin:80 - create IPUIPlugin
2025-08-04 22:40:24,091 [INFO] PluginManager:220 - loadIPPluginJar : add nvic
2025-08-04 22:40:24,121 [INFO] IPUIPlugin:80 - create IPUIPlugin
2025-08-04 22:40:24,121 [INFO] PluginManager:220 - loadIPPluginJar : add opamp
2025-08-04 22:40:24,166 [INFO] IPUIPlugin:80 - create IPUIPlugin
2025-08-04 22:40:24,166 [INFO] PluginManager:220 - loadIPPluginJar : add openamp
2025-08-04 22:40:24,197 [INFO] IPUIPlugin:80 - create IPUIPlugin
2025-08-04 22:40:24,197 [INFO] PluginManager:220 - loadIPPluginJar : add pdm2pcm
2025-08-04 22:40:24,207 [INFO] IPUIPlugin:80 - create IPUIPlugin
2025-08-04 22:40:24,209 [INFO] PluginManager:220 - loadIPPluginJar : add plateformsettings
2025-08-04 22:40:24,227 [INFO] IPUIPlugin:80 - create IPUIPlugin
2025-08-04 22:40:24,227 [INFO] PluginManager:220 - loadIPPluginJar : add quadspi
2025-08-04 22:40:24,246 [INFO] IPUIPlugin:80 - create IPUIPlugin
2025-08-04 22:40:24,246 [INFO] PluginManager:220 - loadIPPluginJar : add radio
2025-08-04 22:40:24,256 [INFO] IPUIPlugin:80 - create IPUIPlugin
2025-08-04 22:40:24,256 [INFO] PluginManager:220 - loadIPPluginJar : add resmgrutility
2025-08-04 22:40:24,291 [INFO] IPUIPlugin:80 - create IPUIPlugin
2025-08-04 22:40:24,291 [INFO] PluginManager:220 - loadIPPluginJar : add sai
2025-08-04 22:40:24,318 [INFO] IPUIPlugin:80 - create IPUIPlugin
2025-08-04 22:40:24,318 [INFO] PluginManager:220 - loadIPPluginJar : add spi
2025-08-04 22:40:24,367 [INFO] IPUIPlugin:80 - create IPUIPlugin
2025-08-04 22:40:24,367 [INFO] PluginManager:220 - loadIPPluginJar : add stm32_wpan
2025-08-04 22:40:24,385 [INFO] IPUIPlugin:80 - create IPUIPlugin
2025-08-04 22:40:24,385 [INFO] PluginManager:220 - loadIPPluginJar : add tim
2025-08-04 22:40:24,431 [INFO] IPUIPlugin:80 - create IPUIPlugin
2025-08-04 22:40:24,431 [INFO] PluginManager:220 - loadIPPluginJar : add touchsensing
2025-08-04 22:40:24,447 [INFO] IPUIPlugin:80 - create IPUIPlugin
2025-08-04 22:40:24,447 [INFO] PluginManager:220 - loadIPPluginJar : add tracer_emb
2025-08-04 22:40:24,465 [INFO] IPUIPlugin:80 - create IPUIPlugin
2025-08-04 22:40:24,465 [INFO] PluginManager:220 - loadIPPluginJar : add ts
2025-08-04 22:40:24,482 [INFO] IPUIPlugin:80 - create IPUIPlugin
2025-08-04 22:40:24,482 [INFO] PluginManager:220 - loadIPPluginJar : add tsc
2025-08-04 22:40:24,498 [INFO] IPUIPlugin:80 - create IPUIPlugin
2025-08-04 22:40:24,498 [INFO] PluginManager:220 - loadIPPluginJar : add ucpd
2025-08-04 22:40:24,531 [INFO] IPUIPlugin:80 - create IPUIPlugin
2025-08-04 22:40:24,531 [INFO] PluginManager:220 - loadIPPluginJar : add usart
2025-08-04 22:40:24,561 [INFO] IPUIPlugin:80 - create IPUIPlugin
2025-08-04 22:40:24,561 [INFO] PluginManager:220 - loadIPPluginJar : add usbx
2025-08-04 22:40:24,668 [INFO] CADModel:165 - CPN selected for project level
2025-08-04 22:40:24,668 [INFO] CADModel:114 - Register for checkConnection events
2025-08-04 22:40:24,668 [FATAL] Updater:334 - Updater called before beeing initialized
2025-08-04 22:40:24,668 [ERROR] CADModel:125 - Updater not yet initialized, retry later 
2025-08-04 22:40:24,751 [INFO] CADModel:165 - CPN selected for project level
2025-08-04 22:40:24,751 [INFO] CADModel:114 - Register for checkConnection events
2025-08-04 22:40:24,751 [FATAL] Updater:334 - Updater called before beeing initialized
2025-08-04 22:40:24,751 [ERROR] CADModel:125 - Updater not yet initialized, retry later 
2025-08-04 22:40:24,753 [FATAL] Updater:334 - Updater called before beeing initialized
2025-08-04 22:40:24,818 [FATAL] Updater:334 - Updater called before beeing initialized
2025-08-04 22:40:24,827 [INFO] DbMcusAds:53 - JSON generation date=Thu Jun 19 11:32:34 EEST 2025 (1750321954415)
2025-08-04 22:40:24,827 [FATAL] Updater:334 - Updater called before beeing initialized
2025-08-04 22:40:24,855 [WARN] DetailPanel:346 - Failed to get advertising image, set to default
2025-08-04 22:40:24,927 [FATAL] Updater:334 - Updater called before beeing initialized
2025-08-04 22:40:24,929 [FATAL] Updater:334 - Updater called before beeing initialized
2025-08-04 22:40:24,929 [FATAL] Updater:334 - Updater called before beeing initialized
2025-08-04 22:40:24,929 [WARN] DetailPanel:346 - Failed to get advertising image, set to default
2025-08-04 22:40:24,930 [FATAL] Updater:334 - Updater called before beeing initialized
2025-08-04 22:40:24,977 [ERROR] Updater:1164 - MainUpdater not yet initialized. External WinMGr cannot be set.
2025-08-04 22:40:24,987 [INFO] Updater:1100 - Updater Version found : 6.12.0
2025-08-04 22:40:25,001 [INFO] ApplicationProperties:184 - Using Application install path: C:\ST\STM32CubeIDE_1.16.0\STM32CubeIDE\plugins\com.st.stm32cube.common.mx_6.12.0.202406281431
2025-08-04 22:40:25,823 [INFO] ThirdPartyUpdaterWithRetryManager:70 - Updater plugin not ready yet. [2/15]
2025-08-04 22:40:26,573 [ERROR] LogOutputStream:75 - [STDERR_REDIRECT] Aug 04, 2025 10:40:26 PM java.util.prefs.WindowsPreferences <init>
2025-08-04 22:40:26,574 [ERROR] LogOutputStream:75 - [STDERR_REDIRECT] WARNING: Could not open/create prefs root node Software\JavaSoft\Prefs at root 0xffffffff80000002. Windows RegCreateKeyEx(...) returned error code 5.
2025-08-04 22:40:26,574 [ERROR] LogOutputStream:75 - [STDERR_REDIRECT] 
2025-08-04 22:40:27,408 [INFO] MainUpdater:2873 - connection check result : 10
2025-08-04 22:40:27,409 [INFO] MainUpdater:3567 - Updater definition file requires update
2025-08-04 22:40:27,409 [INFO] MainUpdater:290 - Updater Check For Update Now.
2025-08-04 22:40:27,409 [INFO] MicroXplorer:498 - Change Database Version : DB.6.0.120
2025-08-04 22:40:27,425 [INFO] McuFinderGlobals:63 - Set McuFinder mode to 2 (CubeIDE integrated)
2025-08-04 22:40:27,430 [INFO] UserAuth:417 - Internet connection configuration mode: 1
2025-08-04 22:40:27,449 [INFO] JxBrowserEngine:152 - Initiate JxBrowser Engine with user profile folder
2025-08-04 22:40:27,501 [INFO] ServerAccessManage:473 - Download File updaters.zip
2025-08-04 22:40:27,619 [INFO] FileExtend:240 - Unzip File : updaters.zip
2025-08-04 22:40:27,619 [INFO] FileExtend:255 - Standard Zip Deflate
2025-08-04 22:40:28,101 [INFO] ServerAccessManage:473 - Download File PacksControlFlags.xml
2025-08-04 22:40:28,166 [INFO] ServerAccessManage:473 - Download File cubemx.pidx
2025-08-04 22:40:28,400 [INFO] ServerAccessManage:473 - Download File STMicroelectronics.FP-SNS-STBOX1.pdsc
2025-08-04 22:40:28,681 [INFO] ServerAccessManage:473 - Download File STMicroelectronics.X-CUBE-AI.pdsc
2025-08-04 22:40:28,824 [WARN] MainUpdater:1194 - Updater busy. Cannot search thirdparties
2025-08-04 22:40:28,824 [INFO] ThirdPartyUpdaterWithRetryManager:96 - Updater plugin is busy. [1/15]
2025-08-04 22:40:30,320 [INFO] WebApp:167 - Instantiating new browser for Auth
2025-08-04 22:40:30,808 [INFO] WebApp:448 - Apply proxy settings
2025-08-04 22:40:30,808 [INFO] WebApp:533 - Chromium requires no authentication
2025-08-04 22:40:30,815 [INFO] WebApp:476 - Direct internet connection detected
2025-08-04 22:40:30,831 [INFO] WebApp:869 - Register for checkConnection events
2025-08-04 22:40:30,831 [INFO] WebApp:448 - Apply proxy settings
2025-08-04 22:40:30,832 [INFO] WebApp:533 - Chromium requires no authentication
2025-08-04 22:40:30,832 [INFO] WebApp:476 - Direct internet connection detected
2025-08-04 22:40:31,003 [INFO] WebApp:186 - Connection restablished
2025-08-04 22:40:31,019 [INFO] WebApp:220 - Starting web application
2025-08-04 22:40:31,019 [INFO] WebApp:578 - Web application path used C:\ST\STM32CubeIDE_1.16.0\STM32CubeIDE\plugins\com.st.stm32cube.common.mx_6.12.0.202406281431\db\plugins\mcufinder\reactClient1\index.html
2025-08-04 22:40:31,028 [INFO] ServerAccessManage:473 - Download File STMicroelectronics.X-CUBE-FREERTOS.pdsc
2025-08-04 22:40:31,127 [INFO] UserAuth:417 - Internet connection configuration mode: 1
2025-08-04 22:40:31,824 [WARN] MainUpdater:1194 - Updater busy. Cannot search thirdparties
2025-08-04 22:40:31,824 [INFO] ThirdPartyUpdaterWithRetryManager:96 - Updater plugin is busy. [2/15]
2025-08-04 22:40:32,154 [WARN] PopulateThirdPartyThread:106 - Error when creating pack: C:/Users/Daniel/.stm32cubemx/thirdparties/pdsc/STMicroelectronics.FP-SNS-STBOX1.pdsc
2025-08-04 22:40:32,171 [WARN] PackLoader:240 - Cannot read IP mode file for STMicroelectronics.X-CUBE-AI.10.2.0
2025-08-04 22:40:32,178 [WARN] PackLoader:240 - Cannot read IP mode file for STMicroelectronics.X-CUBE-FREERTOS.1.3.1
2025-08-04 22:40:32,179 [INFO] PopulateThirdPartyThread:66 - Ending populate Thread
2025-08-04 22:40:32,179 [INFO] ThirdParty:1030 - CMSIS Pack Vendor :STMicroelectronics X-CUBE-FREERTOS 1.3.1
2025-08-04 22:40:32,179 [INFO] ThirdParty:1030 - CMSIS Pack Vendor :STMicroelectronics X-CUBE-AI 10.2.0
2025-08-04 22:40:32,179 [INFO] LoadServerUpdatesThread:375 - End of LoadServerUpdate Thread
2025-08-04 22:40:32,319 [INFO] CheckServerUpdateThread:120 - End of CheckServer Thread
2025-08-04 22:40:35,074 [WARN] PackLoader:240 - Cannot read IP mode file for STMicroelectronics.FP-SNS-MOTENVWB1.1.4.0
2025-08-04 22:40:35,077 [WARN] PackLoader:240 - Cannot read IP mode file for STMicroelectronics.FP-ATR-ASTRA1.2.0.2
2025-08-04 22:40:35,087 [WARN] PackLoader:240 - Cannot read IP mode file for STMicroelectronics.FP-ATR-ASTRA1.2.0.1
2025-08-04 22:40:35,098 [WARN] PackLoader:240 - Cannot read IP mode file for STMicroelectronics.X-CUBE-SMBUS.2.1.0
2025-08-04 22:40:35,110 [WARN] PackLoader:240 - Cannot read IP mode file for STMicroelectronics.X-CUBE-WB05N.1.1.0
2025-08-04 22:40:35,118 [ERROR] Engine:466 - C:\Users\Daniel\.stm32cubemx\thirdparties\pdsc\STMicroelectronics.X-CUBE-ST60.1.0.0.pdsc: PDSC version is not supported
2025-08-04 22:40:35,127 [WARN] PackLoader:240 - Cannot read IP mode file for STMicroelectronics.X-CUBE-TOUCHGFX.4.23.1
2025-08-04 22:40:35,135 [WARN] PackLoader:240 - Cannot read IP mode file for STMicroelectronics.X-CUBE-TOUCHGFX.4.23.0
2025-08-04 22:40:35,147 [WARN] PackLoader:240 - Cannot read IP mode file for STMicroelectronics.X-CUBE-TOUCHGFX.4.23.2
2025-08-04 22:40:35,212 [WARN] PackLoader:240 - Cannot read IP mode file for STMicroelectronics.X-CUBE-AZRTOS-F7.1.1.0
2025-08-04 22:40:35,227 [WARN] PackLoader:240 - Cannot read IP mode file for STMicroelectronics.X-CUBE-AI.7.1.0
2025-08-04 22:40:35,264 [ERROR] RealEvaluatedCondition:428 - Found unsupported composite condition: CLASS='Data Exchange' GROUP='STM32_MetaDataManager'
2025-08-04 22:40:35,265 [ERROR] RealEvaluatedCondition:428 - Found unsupported composite condition: CLASS='Data Exchange' GROUP='STM32_MetaDataManager'
2025-08-04 22:40:35,265 [WARN] PackLoader:240 - Cannot read IP mode file for STMicroelectronics.FP-SNS-MOTENV1.4.3.0
2025-08-04 22:40:35,278 [WARN] PackLoader:240 - Cannot read IP mode file for STMicroelectronics.FP-SNS-FLIGHT1.5.0.0
2025-08-04 22:40:35,286 [ERROR] RealEvaluatedCondition:428 - Found unsupported composite condition: GROUP='STM32_MetaDataManager' CLASS='Data Exchange'
2025-08-04 22:40:35,286 [ERROR] RealEvaluatedCondition:428 - Found unsupported composite condition: CLASS='Data Exchange' GROUP='STM32_MetaDataManager'
2025-08-04 22:40:35,287 [WARN] PackLoader:240 - Cannot read IP mode file for STMicroelectronics.FP-SNS-MOTENV1.4.3.1
2025-08-04 22:40:35,299 [WARN] PackLoader:240 - Cannot read IP mode file for STMicroelectronics.FP-SNS-FLIGHT1.5.0.1
2025-08-04 22:40:35,308 [WARN] PackLoader:240 - Cannot read IP mode file for STMicroelectronics.X-CUBE-BLE1.6.2.3
2025-08-04 22:40:35,345 [WARN] PackLoader:240 - Cannot read IP mode file for STMicroelectronics.X-CUBE-MEMS1.11.0.0
2025-08-04 22:40:35,428 [WARN] PackLoader:240 - Cannot read IP mode file for STMicroelectronics.X-CUBE-BLE1.6.2.4
2025-08-04 22:40:35,452 [WARN] PackLoader:240 - Cannot read IP mode file for STMicroelectronics.X-CUBE-AZRTOS-H7.3.4.0
2025-08-04 22:40:35,469 [WARN] PackLoader:240 - Cannot read IP mode file for STMicroelectronics.X-CUBE-DISPLAY.3.0.0
2025-08-04 22:40:35,518 [WARN] PackLoader:240 - Cannot read IP mode file for STMicroelectronics.X-CUBE-BLE1.7.0.0
2025-08-04 22:40:35,533 [WARN] PackLoader:240 - Cannot read IP mode file for STMicroelectronics.X-CUBE-NFC10.1.0.0
2025-08-04 22:40:35,551 [WARN] PackLoader:240 - Cannot read IP mode file for STMicroelectronics.X-CUBE-BLEMGR.4.0.0
2025-08-04 22:40:35,602 [WARN] PackLoader:240 - Cannot read IP mode file for emotas.I-CUBE-CANOPEN.1.3.0
2025-08-04 22:40:35,641 [WARN] PackLoader:240 - Cannot read IP mode file for STMicroelectronics.X-CUBE-TOUCHGFX.4.22.1
2025-08-04 22:40:35,671 [WARN] PackLoader:240 - Cannot read IP mode file for STMicroelectronics.X-CUBE-MEMS1.9.3.0
2025-08-04 22:40:35,733 [WARN] PackLoader:240 - Cannot read IP mode file for STMicroelectronics.X-CUBE-AI.7.2.0
2025-08-04 22:40:35,776 [WARN] PackLoader:240 - Cannot read IP mode file for STMicroelectronics.X-CUBE-BLEMGR.3.1.0
2025-08-04 22:40:35,825 [WARN] PackLoader:240 - Cannot read IP mode file for STMicroelectronics.X-CUBE-AI.10.0.0
2025-08-04 22:40:35,826 [ERROR] Engine:466 - C:\Users\Daniel\.stm32cubemx\thirdparties\pdsc\STMicroelectronics.FP-SNS-STBOX1.2.1.0.pdsc: PDSC version is not supported
2025-08-04 22:40:35,828 [ERROR] Engine:466 - C:\Users\Daniel\.stm32cubemx\thirdparties\pdsc\STMicroelectronics.FP-SNS-FLIGHT1.5.1.0.pdsc: PDSC version is not supported
2025-08-04 22:40:35,861 [WARN] PackLoader:240 - Cannot read IP mode file for STMicroelectronics.X-CUBE-MEMS1.11.1.0
2025-08-04 22:40:35,916 [WARN] PackLoader:240 - Cannot read IP mode file for STMicroelectronics.FP-SNS-MOTENV1.5.0.0
2025-08-04 22:40:35,920 [WARN] PackLoader:240 - Cannot read IP mode file for wolfSSL.I-CUBE-wolfMQTT.1.19.0
2025-08-04 22:40:35,935 [WARN] PackLoader:240 - Cannot read IP mode file for WES.I-CUBE-Cesium.1.3.0
2025-08-04 22:40:35,948 [WARN] PackLoader:240 - Cannot read IP mode file for STMicroelectronics.X-CUBE-BLE2.3.3.0
2025-08-04 22:40:35,989 [WARN] PackLoader:240 - Cannot read IP mode file for STMicroelectronics.X-CUBE-DISPLAY.2.2.0
2025-08-04 22:40:36,006 [WARN] PackLoader:240 - Cannot read IP mode file for STMicroelectronics.X-CUBE-TOF1.3.2.0
2025-08-04 22:40:36,020 [WARN] PackLoader:240 - Cannot read IP mode file for STMicroelectronics.X-CUBE-NFC9.1.0.0
2025-08-04 22:40:36,044 [WARN] PackLoader:240 - Cannot read IP mode file for STMicroelectronics.X-CUBE-AZRTOS-H7.2.1.0
2025-08-04 22:40:36,058 [WARN] PackLoader:240 - Cannot read IP mode file for STMicroelectronics.X-CUBE-AI.4.1.0
2025-08-04 22:40:36,097 [WARN] PackLoader:240 - Cannot read IP mode file for STMicroelectronics.X-CUBE-BLE1.7.1.0
2025-08-04 22:40:36,111 [WARN] PackLoader:240 - Cannot read IP mode file for STMicroelectronics.X-CUBE-TCPP.4.1.0
2025-08-04 22:40:36,152 [WARN] PackLoader:240 - Cannot read IP mode file for STMicroelectronics.X-CUBE-EEPRMA1.5.2.0
2025-08-04 22:40:36,165 [WARN] PackLoader:240 - Cannot read IP mode file for STMicroelectronics.X-CUBE-TOUCHGFX.4.21.1
2025-08-04 22:40:36,176 [WARN] PackLoader:240 - Cannot read IP mode file for STMicroelectronics.X-CUBE-TOUCHGFX.4.21.0
2025-08-04 22:40:36,186 [WARN] PackLoader:240 - Cannot read IP mode file for STMicroelectronics.X-CUBE-TOUCHGFX.4.21.3
2025-08-04 22:40:36,196 [WARN] PackLoader:240 - Cannot read IP mode file for STMicroelectronics.X-CUBE-TOUCHGFX.4.21.4
2025-08-04 22:40:36,227 [WARN] PackLoader:240 - Cannot read IP mode file for STMicroelectronics.X-CUBE-MEMS1.9.4.0
2025-08-04 22:40:36,289 [WARN] PackLoader:240 - Cannot read IP mode file for STMicroelectronics.X-CUBE-AI.7.3.0
2025-08-04 22:40:36,328 [WARN] PackLoader:240 - Cannot read IP mode file for STMicroelectronics.X-CUBE-AI.10.1.0
2025-08-04 22:40:36,339 [WARN] PackLoader:240 - Cannot read IP mode file for STMicroelectronics.X-CUBE-ALGOBUILD.1.3.0
2025-08-04 22:40:36,371 [WARN] PackLoader:240 - Cannot read IP mode file for STMicroelectronics.X-CUBE-MEMS1.11.2.0
2025-08-04 22:40:36,435 [WARN] PackLoader:240 - Cannot read IP mode file for STMicroelectronics.X-CUBE-AZRTOS-G0.1.1.0
2025-08-04 22:40:36,448 [WARN] PackLoader:240 - Cannot read IP mode file for STMicroelectronics.X-CUBE-SAFEA1.1.2.2
2025-08-04 22:40:36,460 [WARN] PackLoader:240 - Cannot read IP mode file for STMicroelectronics.X-CUBE-NFC4.3.0.0
2025-08-04 22:40:36,484 [WARN] PackLoader:240 - Cannot read IP mode file for SEGGER.I-CUBE-embOS.1.2.1
2025-08-04 22:40:36,509 [WARN] PackLoader:240 - Cannot read IP mode file for wolfSSL.I-CUBE-wolfMQTT.1.18.0
2025-08-04 22:40:36,523 [WARN] PackLoader:240 - Cannot read IP mode file for EmbeddedOffice.I-CUBE-FS-RTOS.1.0.1
2025-08-04 22:40:36,523 [ERROR] ConditionMgr:805 - Attr not supported : Dmpu
2025-08-04 22:40:36,523 [ERROR] ConditionMgr:805 - Attr not supported : Dmpu
2025-08-04 22:40:36,523 [ERROR] ConditionMgr:805 - Attr not supported : Dmpu
2025-08-04 22:40:36,523 [ERROR] ConditionMgr:805 - Attr not supported : Dmpu
2025-08-04 22:40:36,523 [ERROR] ConditionMgr:805 - Attr not supported : Dmpu
2025-08-04 22:40:36,523 [ERROR] ConditionMgr:805 - Attr not supported : Dmpu
2025-08-04 22:40:36,523 [ERROR] ConditionMgr:805 - Attr not supported : Dmpu
2025-08-04 22:40:36,523 [ERROR] ConditionMgr:805 - Attr not supported : Dmpu
2025-08-04 22:40:36,523 [ERROR] ConditionMgr:805 - Attr not supported : Dmpu
2025-08-04 22:40:36,523 [ERROR] ConditionMgr:805 - Attr not supported : Dmpu
2025-08-04 22:40:36,523 [ERROR] ConditionMgr:805 - Attr not supported : Dmpu
2025-08-04 22:40:36,523 [ERROR] ConditionMgr:805 - Attr not supported : Dmpu
2025-08-04 22:40:36,523 [ERROR] ConditionMgr:805 - Attr not supported : Dmpu
2025-08-04 22:40:36,523 [ERROR] ConditionMgr:805 - Attr not supported : Dmpu
2025-08-04 22:40:36,523 [ERROR] ConditionMgr:805 - Attr not supported : Dmpu
2025-08-04 22:40:36,523 [ERROR] ConditionMgr:805 - Attr not supported : Dmpu
2025-08-04 22:40:36,523 [ERROR] ConditionMgr:805 - Attr not supported : Dmpu
2025-08-04 22:40:36,523 [ERROR] ConditionMgr:805 - Attr not supported : Dmpu
2025-08-04 22:40:36,524 [ERROR] ConditionMgr:805 - Attr not supported : Dmpu
2025-08-04 22:40:36,524 [ERROR] ConditionMgr:805 - Attr not supported : Dmpu
2025-08-04 22:40:36,524 [ERROR] ConditionMgr:805 - Attr not supported : Dmpu
2025-08-04 22:40:36,524 [ERROR] ConditionMgr:805 - Attr not supported : Dmpu
2025-08-04 22:40:36,524 [ERROR] ConditionMgr:805 - Attr not supported : Dmpu
2025-08-04 22:40:36,524 [ERROR] ConditionMgr:805 - Attr not supported : Dmpu
2025-08-04 22:40:36,524 [ERROR] ConditionMgr:805 - Attr not supported : Dmpu
2025-08-04 22:40:36,524 [ERROR] ConditionMgr:805 - Attr not supported : Dmpu
2025-08-04 22:40:36,524 [ERROR] ConditionMgr:805 - Attr not supported : Dmpu
2025-08-04 22:40:36,524 [ERROR] ConditionMgr:805 - Attr not supported : Dmpu
2025-08-04 22:40:36,524 [ERROR] ConditionMgr:805 - Attr not supported : Dmpu
2025-08-04 22:40:36,524 [ERROR] ConditionMgr:805 - Attr not supported : Dmpu
2025-08-04 22:40:36,524 [ERROR] ConditionMgr:805 - Attr not supported : Dmpu
2025-08-04 22:40:36,524 [ERROR] ConditionMgr:805 - Attr not supported : Dmpu
2025-08-04 22:40:36,524 [ERROR] ConditionMgr:805 - Attr not supported : Dmpu
2025-08-04 22:40:36,524 [ERROR] ConditionMgr:805 - Attr not supported : Dmpu
2025-08-04 22:40:36,524 [ERROR] ConditionMgr:805 - Attr not supported : Dmpu
2025-08-04 22:40:36,524 [ERROR] ConditionMgr:805 - Attr not supported : Dmpu
2025-08-04 22:40:36,524 [ERROR] ConditionMgr:805 - Attr not supported : Dmpu
2025-08-04 22:40:36,524 [ERROR] ConditionMgr:805 - Attr not supported : Dmpu
2025-08-04 22:40:36,524 [ERROR] ConditionMgr:805 - Attr not supported : Dmpu
2025-08-04 22:40:36,524 [ERROR] ConditionMgr:805 - Attr not supported : Dmpu
2025-08-04 22:40:36,524 [ERROR] ConditionMgr:805 - Attr not supported : Dmpu
2025-08-04 22:40:36,524 [ERROR] ConditionMgr:805 - Attr not supported : Dmpu
2025-08-04 22:40:36,524 [ERROR] ConditionMgr:805 - Attr not supported : Dmpu
2025-08-04 22:40:36,524 [ERROR] ConditionMgr:805 - Attr not supported : Dmpu
2025-08-04 22:40:36,524 [ERROR] ConditionMgr:805 - Attr not supported : Dmpu
2025-08-04 22:40:36,525 [ERROR] ConditionMgr:805 - Attr not supported : Dmpu
2025-08-04 22:40:36,525 [ERROR] ConditionMgr:805 - Attr not supported : Dmpu
2025-08-04 22:40:36,525 [ERROR] ConditionMgr:805 - Attr not supported : Dmpu
2025-08-04 22:40:36,525 [ERROR] ConditionMgr:805 - Attr not supported : Dmpu
2025-08-04 22:40:36,525 [ERROR] ConditionMgr:805 - Attr not supported : Dmpu
2025-08-04 22:40:36,525 [ERROR] ConditionMgr:805 - Attr not supported : Dmpu
2025-08-04 22:40:36,525 [ERROR] ConditionMgr:805 - Attr not supported : Dmpu
2025-08-04 22:40:36,525 [ERROR] ConditionMgr:805 - Attr not supported : Dmpu
2025-08-04 22:40:36,525 [ERROR] ConditionMgr:805 - Attr not supported : Dmpu
2025-08-04 22:40:36,525 [ERROR] ConditionMgr:805 - Attr not supported : Dmpu
2025-08-04 22:40:36,525 [ERROR] ConditionMgr:805 - Attr not supported : Dmpu
2025-08-04 22:40:36,525 [ERROR] ConditionMgr:805 - Attr not supported : Dmpu
2025-08-04 22:40:36,525 [ERROR] ConditionMgr:805 - Attr not supported : Dmpu
2025-08-04 22:40:36,525 [ERROR] ConditionMgr:805 - Attr not supported : Dmpu
2025-08-04 22:40:36,525 [ERROR] ConditionMgr:805 - Attr not supported : Dmpu
2025-08-04 22:40:36,525 [ERROR] ConditionMgr:805 - Attr not supported : Dmpu
2025-08-04 22:40:36,526 [ERROR] ConditionMgr:805 - Attr not supported : Dmpu
2025-08-04 22:40:36,526 [ERROR] ConditionMgr:805 - Attr not supported : Dmpu
2025-08-04 22:40:36,526 [ERROR] ConditionMgr:805 - Attr not supported : Dmpu
2025-08-04 22:40:36,537 [WARN] PackLoader:240 - Cannot read IP mode file for STMicroelectronics.X-CUBE-WB05N.2.0.0
2025-08-04 22:40:36,550 [WARN] PackLoader:240 - Cannot read IP mode file for STMicroelectronics.X-CUBE-BLEMGR.3.0.0
2025-08-04 22:40:36,565 [WARN] PackLoader:240 - Cannot read IP mode file for STMicroelectronics.X-CUBE-BLEMGR.1.3.0
2025-08-04 22:40:36,613 [ERROR] Engine:466 - C:\Users\Daniel\STM32Cube\Repository\Packs\STMicroelectronics\X-CUBE-TCPP\4.2.0\STMicroelectronics.X-CUBE-TCPP.pdsc: PDSC version is not supported
2025-08-04 22:40:36,627 [WARN] PackLoader:240 - Cannot read IP mode file for RealThread.X-CUBE-RT-Thread_Nano.4.1.1
2025-08-04 22:40:36,631 [WARN] PackLoader:240 - Cannot read IP mode file for STMicroelectronics.FP-ATR-SIGFOX1.3.2.0
2025-08-04 22:40:36,635 [WARN] ConditionMgr:438 - getConditionDescription Invalid condition id : Cortex-A Device cause : null
2025-08-04 22:40:36,650 [WARN] ConditionMgr:1039 - genDependencies : Invalid condition id : Cortex-A Device cause : null
2025-08-04 22:40:36,650 [WARN] ConditionMgr:1039 - genDependencies : Invalid condition id : Cortex-A Device cause : null
2025-08-04 22:40:36,650 [WARN] ConditionMgr:1039 - genDependencies : Invalid condition id : Cortex-A Device cause : null
2025-08-04 22:40:36,664 [WARN] PackLoader:240 - Cannot read IP mode file for STMicroelectronics.X-CUBE-EEPRMA1.5.1.0
2025-08-04 22:40:36,705 [WARN] PackLoader:240 - Cannot read IP mode file for STMicroelectronics.X-CUBE-TOUCHGFX.4.20.0
2025-08-04 22:40:36,717 [WARN] PackLoader:240 - Cannot read IP mode file for STMicroelectronics.X-CUBE-AI.3.4.0
2025-08-04 22:40:36,777 [WARN] PackLoader:240 - Cannot read IP mode file for STMicroelectronics.X-CUBE-MEMS1.9.5.0
2025-08-04 22:40:36,839 [ERROR] Engine:466 - C:\Users\Daniel\.stm32cubemx\thirdparties\pdsc\STMicroelectronics.X-CUBE-ST67W61.1.0.0.pdsc: PDSC version is not supported
2025-08-04 22:40:36,841 [WARN] PackLoader:240 - Cannot read IP mode file for STMicroelectronics.X-CUBE-AI.10.2.0
2025-08-04 22:40:36,862 [WARN] PackLoader:240 - Cannot read IP mode file for SEGGER.I-CUBE-embOS.1.3.1
2025-08-04 22:40:36,917 [WARN] PackLoader:240 - Cannot read IP mode file for STMicroelectronics.X-CUBE-ALGOBUILD.1.4.0
2025-08-04 22:40:36,948 [WARN] PackLoader:240 - Cannot read IP mode file for STMicroelectronics.X-CUBE-MEMS1.11.3.0
2025-08-04 22:40:37,001 [WARN] PackLoader:240 - Cannot read IP mode file for STMicroelectronics.X-CUBE-AI.9.1.0
2025-08-04 22:40:37,035 [WARN] PackLoader:240 - Cannot read IP mode file for STMicroelectronics.X-CUBE-AI.5.0.0
2025-08-04 22:40:37,067 [WARN] PackLoader:240 - Cannot read IP mode file for STMicroelectronics.X-CUBE-PM33A1.1.0.0
2025-08-04 22:40:37,075 [WARN] PackLoader:240 - Cannot read IP mode file for STMicroelectronics.X-CUBE-GNSS1.6.0.0
2025-08-04 22:40:37,092 [WARN] PackLoader:240 - Cannot read IP mode file for STMicroelectronics.X-CUBE-AZRTOS-F4.1.1.0
2025-08-04 22:40:37,095 [ERROR] Engine:466 - C:\Users\Daniel\.stm32cubemx\thirdparties\pdsc\Avnet-IotConnect.X-CUBE-IoTC-DA16k-PMOD.1.0.0.pdsc: PDSC version is not supported
2025-08-04 22:40:37,104 [WARN] PackLoader:240 - Cannot read IP mode file for STMicroelectronics.X-CUBE-ISPU.2.1.0
2025-08-04 22:40:37,117 [WARN] PackLoader:240 - Cannot read IP mode file for STMicroelectronics.X-CUBE-FREERTOS.1.2.0
2025-08-04 22:40:37,158 [WARN] PackLoader:240 - Cannot read IP mode file for STMicroelectronics.X-CUBE-NFC12.1.0.0
2025-08-04 22:40:37,170 [WARN] PackLoader:240 - Cannot read IP mode file for STMicroelectronics.X-CUBE-BLEMGR.1.2.0
2025-08-04 22:40:37,194 [WARN] PackLoader:240 - Cannot read IP mode file for STMicroelectronics.X-CUBE-AZRTOS-L5.2.0.0
2025-08-04 22:40:37,222 [WARN] PackLoader:240 - Cannot read IP mode file for STMicroelectronics.X-CUBE-MEMS1.9.6.0
2025-08-04 22:40:37,281 [WARN] PackLoader:240 - Cannot read IP mode file for STMicroelectronics.X-CUBE-EEPRMA1.4.2.0
2025-08-04 22:40:37,295 [WARN] PackLoader:240 - Cannot read IP mode file for STMicroelectronics.X-CUBE-NFC6.3.1.0
2025-08-04 22:40:37,308 [WARN] PackLoader:240 - Cannot read IP mode file for ITTIA_DB.I-CUBE-ITTIADB.8.8.0
2025-08-04 22:40:37,321 [WARN] PackLoader:240 - Cannot read IP mode file for emotas.I-CUBE-CANOPEN.1.1.3
2025-08-04 22:40:37,367 [WARN] PackLoader:240 - Cannot read IP mode file for STMicroelectronics.X-CUBE-BLEMGR.2.0.0
2025-08-04 22:40:37,414 [WARN] PackLoader:240 - Cannot read IP mode file for STMicroelectronics.X-CUBE-DPower.1.2.0
2025-08-04 22:40:37,425 [WARN] PackLoader:240 - Cannot read IP mode file for STMicroelectronics.X-CUBE-NFC4.2.0.5
2025-08-04 22:40:37,439 [WARN] PackLoader:240 - Cannot read IP mode file for STMicroelectronics.X-CUBE-AI.9.0.0
2025-08-04 22:40:37,486 [WARN] ConditionMgr:438 - getConditionDescription Invalid condition id : UX DEVICE CLASS RTOS Condition cause : null
2025-08-04 22:40:37,487 [WARN] ConditionMgr:438 - getConditionDescription Invalid condition id : UX DEVICE CLASS RTOS Condition cause : null
2025-08-04 22:40:37,489 [WARN] PackLoader:240 - Cannot read IP mode file for STMicroelectronics.X-CUBE-AZRTOS-H7.3.1.0
2025-08-04 22:40:37,490 [WARN] ConditionMgr:1039 - genDependencies : Invalid condition id : UX DEVICE CLASS RTOS Condition cause : null
2025-08-04 22:40:37,490 [WARN] ConditionMgr:1039 - genDependencies : Invalid condition id : UX DEVICE CLASS RTOS Condition cause : null
2025-08-04 22:40:37,490 [WARN] ConditionMgr:1039 - genDependencies : Invalid condition id : UX DEVICE CLASS RTOS Condition cause : null
2025-08-04 22:40:37,490 [WARN] ConditionMgr:1039 - genDependencies : Invalid condition id : UX DEVICE CLASS RTOS Condition cause : null
2025-08-04 22:40:37,490 [WARN] ConditionMgr:1039 - genDependencies : Invalid condition id : UX DEVICE CLASS RTOS Condition cause : null
2025-08-04 22:40:37,503 [WARN] PackLoader:240 - Cannot read IP mode file for STMicroelectronics.X-CUBE-AI.5.1.2
2025-08-04 22:40:37,546 [WARN] PackLoader:240 - Cannot read IP mode file for wolfSSL.I-CUBE-wolfSSL.5.5.3
2025-08-04 22:40:37,575 [WARN] PackLoader:240 - Cannot read IP mode file for STMicroelectronics.X-CUBE-FREERTOS.1.3.1
2025-08-04 22:40:37,587 [WARN] PackLoader:240 - Cannot read IP mode file for STMicroelectronics.X-CUBE-FREERTOS.1.3.0
2025-08-04 22:40:37,630 [WARN] PackLoader:240 - Cannot read IP mode file for STMicroelectronics.X-CUBE-NFC7.1.0.0
2025-08-04 22:40:37,633 [WARN] PackLoader:240 - Cannot read IP mode file for wolfSSL.I-CUBE-wolfTPM.3.2.0
2025-08-04 22:40:37,646 [WARN] PackLoader:240 - Cannot read IP mode file for STMicroelectronics.X-CUBE-EEPRMA1.4.1.0
2025-08-04 22:40:37,681 [ERROR] Engine:466 - C:\Users\Daniel\.stm32cubemx\thirdparties\pdsc\STMicroelectronics.FP-SNS-STAIOTCFT.1.0.0.pdsc: PDSC version is not supported
2025-08-04 22:40:37,692 [WARN] PackLoader:240 - Cannot read IP mode file for STMicroelectronics.X-CUBE-AI.8.1.0
2025-08-04 22:40:37,731 [WARN] PackLoader:240 - Cannot read IP mode file for STMicroelectronics.X-CUBE-AI.6.0.0
2025-08-04 22:40:37,775 [WARN] ConditionMgr:438 - getConditionDescription Invalid condition id : LAN8742 Phy interface Condition cause : null
2025-08-04 22:40:37,775 [WARN] PackLoader:240 - Cannot read IP mode file for STMicroelectronics.X-CUBE-AZRTOS-L4.2.0.0
2025-08-04 22:40:37,775 [WARN] ConditionMgr:1039 - genDependencies : Invalid condition id : LAN8742 Phy interface Condition cause : null
2025-08-04 22:40:37,775 [WARN] ConditionMgr:1039 - genDependencies : Invalid condition id : LAN8742 Phy interface Condition cause : null
2025-08-04 22:40:37,775 [WARN] ConditionMgr:1039 - genDependencies : Invalid condition id : LAN8742 Phy interface Condition cause : null
2025-08-04 22:40:37,786 [WARN] PackLoader:240 - Cannot read IP mode file for STMicroelectronics.X-CUBE-SFXS2LP1.4.0.0
2025-08-04 22:40:37,798 [WARN] PackLoader:240 - Cannot read IP mode file for STMicroelectronics.X-CUBE-AI.5.2.0
2025-08-04 22:40:37,842 [WARN] PackLoader:240 - Cannot read IP mode file for STMicroelectronics.X-CUBE-AZRTOS-H7.3.0.0
2025-08-04 22:40:37,852 [WARN] PackLoader:240 - Cannot read IP mode file for STMicroelectronics.X-CUBE-ISPU.1.1.0
2025-08-04 22:40:37,869 [WARN] PackLoader:240 - Cannot read IP mode file for STMicroelectronics.X-CUBE-AZRTOS-H7.3.3.0
2025-08-04 22:40:37,881 [WARN] PackLoader:240 - Cannot read IP mode file for RoweBots.I-CUBE-UNISONRTOS.5.5.0-4
2025-08-04 22:40:37,890 [ERROR] Engine:466 - C:\Users\Daniel\.stm32cubemx\thirdparties\pdsc\STMicroelectronics.X-CUBE-BLEMGR.4.1.0.pdsc: PDSC version is not supported
2025-08-04 22:40:37,900 [WARN] PackLoader:240 - Cannot read IP mode file for STMicroelectronics.X-CUBE-AI.8.0.0
2025-08-04 22:40:37,938 [WARN] PackLoader:240 - Cannot read IP mode file for STMicroelectronics.X-CUBE-IPS.3.0.0
2025-08-04 22:40:37,959 [WARN] ConditionMgr:438 - getConditionDescription Invalid condition id : UX DEVICE CLASS RTOS Condition cause : null
2025-08-04 22:40:37,959 [WARN] ConditionMgr:438 - getConditionDescription Invalid condition id : UX DEVICE CLASS RTOS Condition cause : null
2025-08-04 22:40:37,960 [WARN] PackLoader:240 - Cannot read IP mode file for STMicroelectronics.X-CUBE-AZRTOS-WB.2.0.0
2025-08-04 22:40:37,960 [WARN] ConditionMgr:1039 - genDependencies : Invalid condition id : UX DEVICE CLASS RTOS Condition cause : null
2025-08-04 22:40:37,960 [WARN] ConditionMgr:1039 - genDependencies : Invalid condition id : UX DEVICE CLASS RTOS Condition cause : null
2025-08-04 22:40:37,960 [WARN] ConditionMgr:1039 - genDependencies : Invalid condition id : UX DEVICE CLASS RTOS Condition cause : null
2025-08-04 22:40:37,960 [WARN] ConditionMgr:1039 - genDependencies : Invalid condition id : UX DEVICE CLASS RTOS Condition cause : null
2025-08-04 22:40:37,960 [WARN] ConditionMgr:1039 - genDependencies : Invalid condition id : UX DEVICE CLASS RTOS Condition cause : null
2025-08-04 22:40:37,973 [WARN] PackLoader:240 - Cannot read IP mode file for STMicroelectronics.X-CUBE-FREERTOS.1.0.0
2025-08-04 22:40:37,984 [WARN] PackLoader:240 - Cannot read IP mode file for STMicroelectronics.X-CUBE-FREERTOS.1.0.1
2025-08-04 22:40:38,028 [WARN] PackLoader:240 - Cannot read IP mode file for STMicroelectronics.X-CUBE-GNSS1.7.0.0
2025-08-04 22:40:38,037 [WARN] PackLoader:240 - Cannot read IP mode file for STMicroelectronics.X-CUBE-GNSS1.7.0.1
2025-08-04 22:40:38,047 [WARN] PackLoader:240 - Cannot read IP mode file for STMicroelectronics.X-CUBE-TOUCHGFX.4.25.0
2025-08-04 22:40:38,058 [WARN] PackLoader:240 - Cannot read IP mode file for STMicroelectronics.FP-SNS-STBOX1.2.0.0
2025-08-04 22:40:38,079 [WARN] PackLoader:240 - Cannot read IP mode file for STMicroelectronics.X-CUBE-AZRTOS-L5.1.1.0
2025-08-04 22:40:38,093 [WARN] PackLoader:240 - Cannot read IP mode file for STMicroelectronics.X-CUBE-AI.8.0.1
2025-08-04 22:40:38,132 [WARN] PackLoader:240 - Cannot read IP mode file for STMicroelectronics.X-CUBE-SUBG2.5.0.0
2025-08-04 22:40:38,155 [WARN] PackLoader:240 - Cannot read IP mode file for STMicroelectronics.X-CUBE-AZRTOS-H7RS.1.1.0
2025-08-04 22:40:38,158 [WARN] PackLoader:240 - Cannot read IP mode file for Cesanta.I-CUBE-Mongoose.7.13.0
2025-08-04 22:40:38,175 [WARN] PackLoader:240 - Cannot read IP mode file for STMicroelectronics.X-CUBE-AZRTOS-G4.2.0.0
2025-08-04 22:40:38,187 [WARN] PackLoader:240 - Cannot read IP mode file for STMicroelectronics.X-CUBE-TOF1.3.3.0
2025-08-04 22:40:38,199 [WARN] PackLoader:240 - Cannot read IP mode file for STMicroelectronics.FP-ATR-ASTRA1.1.1.1
2025-08-04 22:40:38,212 [WARN] PackLoader:240 - Cannot read IP mode file for Infineon.AIROC-Wi-Fi-Bluetooth-STM32.1.5.1
2025-08-04 22:40:38,223 [WARN] PackLoader:240 - Cannot read IP mode file for STMicroelectronics.FP-SNS-MOTENVWB1.1.3.0
2025-08-04 22:40:38,231 [WARN] PackLoader:240 - Cannot read IP mode file for STMicroelectronics.X-CUBE-NFC7.2.0.0
2025-08-04 22:40:38,240 [WARN] PackLoader:240 - Cannot read IP mode file for STMicroelectronics.FP-SNS-MOTENVWB1.1.3.1
2025-08-04 22:40:38,255 [WARN] PackLoader:240 - Cannot read IP mode file for STMicroelectronics.X-CUBE-AZRTOS-G4.1.0.0
2025-08-04 22:40:38,272 [WARN] PackLoader:240 - Cannot read IP mode file for STMicroelectronics.X-CUBE-AZRTOS-L4.1.0.0
2025-08-04 22:40:38,283 [WARN] PackLoader:240 - Cannot read IP mode file for STMicroelectronics.X-CUBE-ISPU.2.0.0
2025-08-04 22:40:38,293 [ERROR] Engine:466 - C:\Users\Daniel\.stm32cubemx\thirdparties\pdsc\STMicroelectronics.X-CUBE-IPS.3.1.0.pdsc: PDSC version is not supported
2025-08-04 22:40:38,302 [WARN] PackLoader:240 - Cannot read IP mode file for STMicroelectronics.X-CUBE-ALS.1.0.2
2025-08-04 22:40:38,327 [WARN] PackLoader:240 - Cannot read IP mode file for STMicroelectronics.X-CUBE-MEMS1.10.0.0
2025-08-04 22:40:38,375 [WARN] PackLoader:240 - Cannot read IP mode file for STMicroelectronics.X-CUBE-FREERTOS.1.1.0
2025-08-04 22:40:38,385 [WARN] PackLoader:240 - Cannot read IP mode file for STMicroelectronics.X-CUBE-TOUCHGFX.4.24.0
2025-08-04 22:40:38,396 [WARN] PackLoader:240 - Cannot read IP mode file for STMicroelectronics.X-CUBE-TOUCHGFX.4.24.2
2025-08-04 22:40:38,412 [WARN] PackLoader:240 - Cannot read IP mode file for STMicroelectronics.X-CUBE-AZRTOS-WL.1.0.0
2025-08-04 22:40:38,427 [WARN] PackLoader:240 - Cannot read IP mode file for STMicroelectronics.X-CUBE-TOUCHGFX.4.24.1
2025-08-04 22:40:38,468 [WARN] PackLoader:240 - Cannot read IP mode file for portGmbH.I-Cube-SoM-uGOAL.1.1.0
2025-08-04 22:40:38,513 [WARN] PackLoader:240 - Cannot read IP mode file for STMicroelectronics.X-CUBE-ALS.1.0.1
2025-08-04 22:40:38,525 [WARN] PackLoader:240 - Cannot read IP mode file for STMicroelectronics.X-CUBE-AI.7.0.0
2025-08-04 22:40:38,570 [WARN] PackLoader:240 - Cannot read IP mode file for STMicroelectronics.X-CUBE-AZRTOS-WB.1.1.0
2025-08-04 22:40:38,591 [WARN] PackLoader:240 - Cannot read IP mode file for STMicroelectronics.X-CUBE-AZRTOS-L5.1.0.0
2025-08-04 22:40:38,603 [WARN] PackLoader:240 - Cannot read IP mode file for STMicroelectronics.X-CUBE-EEPRMA1.3.1.1
2025-08-04 22:40:38,648 [WARN] PackLoader:240 - Cannot read IP mode file for STMicroelectronics.X-CUBE-AZRTOS-H7RS.1.0.0
2025-08-04 22:40:38,659 [WARN] PackLoader:240 - Cannot read IP mode file for STMicroelectronics.FP-ATR-ASTRA1.2.0.0
2025-08-04 22:40:38,673 [WARN] PackLoader:240 - Cannot read IP mode file for STMicroelectronics.X-CUBE-TOF1.3.4.2
2025-08-04 22:40:38,722 [ERROR] Engine:466 - C:\Users\Daniel\.stm32cubemx\thirdparties\pdsc\STMicroelectronics.X-CUBE-TOF1.3.4.3.pdsc: PDSC version is not supported
2025-08-04 22:40:38,735 [WARN] PackLoader:240 - Cannot read IP mode file for STMicroelectronics.X-CUBE-TOF1.3.4.0
2025-08-04 22:40:38,755 [WARN] PackLoader:240 - Cannot read IP mode file for STMicroelectronics.X-CUBE-TOF1.3.4.1
2025-08-04 22:40:38,814 [WARN] PackLoader:240 - Cannot read IP mode file for STMicroelectronics.X-CUBE-AZRTOS-H7.3.2.0
2025-08-04 22:40:38,817 [WARN] PackLoader:240 - Cannot read IP mode file for wolfSSL.I-CUBE-wolfSSH.1.4.17
2025-08-04 22:40:38,818 [INFO] ThirdParty:978 - Integrity check success = true
2025-08-04 22:40:38,818 [INFO] IntegrityCheckThread:100 - exiting critical section [integrity check]
2025-08-04 22:40:38,818 [INFO] IntegrityCheckThread:103 - End integrity checks thread
2025-08-04 22:40:51,310 [INFO] WebApp:388 - JxBrowser engine has been closed 
2025-08-04 22:40:51,933 [ERROR] LogOutputStream:75 - [STDERR_REDIRECT] 
2025-08-04 22:40:51,933 [ERROR] LogOutputStream:75 - [STDERR_REDIRECT] 
