2025-08-31 12:05:49,038 [INFO] Activator:176 - 


2025-08-31 12:05:49,042 [INFO] Activator:177 - !SESSION log4j initialized
2025-08-31 12:05:52,839 [INFO] LogOutputStream:77 - [STDOUT_REDIRECT] 
2025-08-31 12:05:55,320 [INFO] ApplicationProperties:184 - Using Application install path: C:\ST\STM32CubeIDE_1.16.0\STM32CubeIDE\plugins\com.st.stm32cube.common.mx_6.12.0.202406281431
2025-08-31 12:05:55,335 [INFO] DbMcusXml:78 - Set database path to: C:\ST\STM32CubeIDE_1.16.0\STM32CubeIDE\plugins\com.st.stm32cube.common.mx_6.12.0.202406281431\\db\/mcu/
2025-08-31 12:05:55,336 [INFO] ApiDb:274 - Set plugin database path to: C:\ST\STM32CubeIDE_1.16.0\STM32CubeIDE\plugins\com.st.stm32cube.common.mx_6.12.0.202406281431\\db\/plugins/boardmanager/
2025-08-31 12:05:55,336 [WARN] ApiDb:259 - Overriding images path with different value:  => C:\ST\STM32CubeIDE_1.16.0\STM32CubeIDE\plugins\com.st.stm32cube.common.mx_6.12.0.202406281431\\db\/plugins/mcufinder/images/
2025-08-31 12:05:55,343 [INFO] ApiDb:250 - Set database path to: C:\Users\Daniel\.stmcufinder\plugins\mcufinder//mcu/
2025-08-31 12:05:55,344 [INFO] DbMcusAds:125 - Set database path to: C:\Users\Daniel\.stmcufinder\plugins\mcufinder//mcu/
2025-08-31 12:05:55,345 [INFO] CrossReferenceDbSqlite:203 - Set database path to: C:\Users\Daniel\.stmcufinder\plugins\mcufinder//mcu/cs/
2025-08-31 12:05:55,442 [INFO] RulesReader:64 - Compatibility file has been processed (297 Rules)
2025-08-31 12:05:55,514 [INFO] DbMcusXml:78 - Set database path to: C:\ST\STM32CubeIDE_1.16.0\STM32CubeIDE\plugins\com.st.stm32cube.common.mx_6.12.0.202406281431\\db\/mcu/
2025-08-31 12:05:55,514 [INFO] ApiDb:274 - Set plugin database path to: C:\ST\STM32CubeIDE_1.16.0\STM32CubeIDE\plugins\com.st.stm32cube.common.mx_6.12.0.202406281431\\db\/plugins/boardmanager/
2025-08-31 12:05:55,514 [INFO] ApiDb:261 - Set plugin images path to: C:\ST\STM32CubeIDE_1.16.0\STM32CubeIDE\plugins\com.st.stm32cube.common.mx_6.12.0.202406281431\\db\/plugins/mcufinder/images/
2025-08-31 12:05:55,514 [WARN] DbFile:41 - Overriding database path with different value: C:\Users\Daniel\.stmcufinder\plugins\mcufinder/ => C:\Users\Daniel\.stmcufinder\plugins\mcufinder
2025-08-31 12:05:55,514 [INFO] ApiDb:250 - Set database path to: C:\Users\Daniel\.stmcufinder\plugins\mcufinder//mcu/
2025-08-31 12:05:55,514 [WARN] DbFile:41 - Overriding database path with different value: C:\Users\Daniel\.stmcufinder\plugins\mcufinder/ => C:\Users\Daniel\.stmcufinder\plugins\mcufinder
2025-08-31 12:05:55,514 [INFO] DbMcusAds:125 - Set database path to: C:\Users\Daniel\.stmcufinder\plugins\mcufinder//mcu/
2025-08-31 12:05:55,514 [WARN] DbFile:41 - Overriding database path with different value: C:\Users\Daniel\.stmcufinder\plugins\mcufinder/ => C:\Users\Daniel\.stmcufinder\plugins\mcufinder
2025-08-31 12:05:55,514 [WARN] DbFile:41 - Overriding database path with different value: C:\Users\Daniel\.stmcufinder\plugins\mcufinder/ => C:\Users\Daniel\.stmcufinder\plugins\mcufinder
2025-08-31 12:05:55,514 [INFO] CrossReferenceDbSqlite:203 - Set database path to: C:\Users\Daniel\.stmcufinder\plugins\mcufinder//mcu/cs/
2025-08-31 12:05:55,585 [INFO] MainPanel:268 - HeapMemory: 268435456
2025-08-31 12:05:55,674 [INFO] DbMcusXml:78 - Set database path to: C:\ST\STM32CubeIDE_1.16.0\STM32CubeIDE\plugins\com.st.stm32cube.common.mx_6.12.0.202406281431\\db\/mcu/
2025-08-31 12:05:55,674 [INFO] ApiDb:274 - Set plugin database path to: C:\ST\STM32CubeIDE_1.16.0\STM32CubeIDE\plugins\com.st.stm32cube.common.mx_6.12.0.202406281431\\db\/plugins/boardmanager/
2025-08-31 12:05:55,674 [INFO] ApiDb:261 - Set plugin images path to: C:\ST\STM32CubeIDE_1.16.0\STM32CubeIDE\plugins\com.st.stm32cube.common.mx_6.12.0.202406281431\\db\/plugins/mcufinder/images/
2025-08-31 12:05:55,674 [WARN] DbFile:41 - Overriding database path with different value: C:\Users\Daniel\.stmcufinder\plugins\mcufinder/ => C:\Users\Daniel\.stmcufinder\plugins\mcufinder
2025-08-31 12:05:55,674 [INFO] ApiDb:250 - Set database path to: C:\Users\Daniel\.stmcufinder\plugins\mcufinder//mcu/
2025-08-31 12:05:55,674 [WARN] DbFile:41 - Overriding database path with different value: C:\Users\Daniel\.stmcufinder\plugins\mcufinder/ => C:\Users\Daniel\.stmcufinder\plugins\mcufinder
2025-08-31 12:05:55,674 [INFO] DbMcusAds:125 - Set database path to: C:\Users\Daniel\.stmcufinder\plugins\mcufinder//mcu/
2025-08-31 12:05:55,674 [WARN] DbFile:41 - Overriding database path with different value: C:\Users\Daniel\.stmcufinder\plugins\mcufinder/ => C:\Users\Daniel\.stmcufinder\plugins\mcufinder
2025-08-31 12:05:55,674 [WARN] DbFile:41 - Overriding database path with different value: C:\Users\Daniel\.stmcufinder\plugins\mcufinder/ => C:\Users\Daniel\.stmcufinder\plugins\mcufinder
2025-08-31 12:05:55,675 [INFO] CrossReferenceDbSqlite:203 - Set database path to: C:\Users\Daniel\.stmcufinder\plugins\mcufinder//mcu/cs/
2025-08-31 12:05:55,689 [INFO] ApplicationProperties:184 - Using Application install path: C:\ST\STM32CubeIDE_1.16.0\STM32CubeIDE\plugins\com.st.stm32cube.common.mx_6.12.0.202406281431
2025-08-31 12:05:55,690 [INFO] PluginManage:196 - Search for loadable plugins [exclusion list=, ]
2025-08-31 12:05:55,691 [INFO] PluginManage:310 - Check plugin analytics
2025-08-31 12:05:55,795 [INFO] AnalyticsPlugin:253 - Accepted Software Licenses: 
2025-08-31 12:05:55,795 [INFO] AnalyticsPlugin:255 - Accepted CMSIS Pack Licenses: STMicroelectronics.X-CUBE-TOUCHGFX.4.24.1,STMicroelectronics.X-CUBE-TOF1.3.4.2,STMicroelectronics.X-CUBE-TCPP.4.2.0,STMicroelectronics.X-CUBE-FREERTOS.1.3.0,STMicroelectronics.X-CUBE-BLEMGR.4.0.0,STMicroelectronics.X-CUBE-AI.9.1.0
2025-08-31 12:05:55,795 [INFO] AnalyticsPlugin:257 - Accepted Firmware Licenses: FW.F4.1.28.0
2025-08-31 12:05:55,797 [INFO] PluginManage:359 - Loaded plugin analytics (category:tool,tabindex:-1)
2025-08-31 12:05:55,797 [INFO] PluginManage:310 - Check plugin cadmodel
2025-08-31 12:05:55,811 [INFO] CADModel:105 - Init CAD model plugin
2025-08-31 12:05:55,811 [INFO] PluginManage:359 - Loaded plugin cadmodel (category:power,tabindex:5)
2025-08-31 12:05:55,811 [INFO] PluginManage:310 - Check plugin clock
2025-08-31 12:05:55,828 [INFO] PluginManage:359 - Loaded plugin clock (category:base,tabindex:2)
2025-08-31 12:05:55,828 [INFO] PluginManage:310 - Check plugin ddr
2025-08-31 12:05:55,829 [INFO] PluginManage:359 - Loaded plugin ddr (category:tool,tabindex:6)
2025-08-31 12:05:55,829 [INFO] PluginManage:310 - Check plugin filemanager
2025-08-31 12:05:55,915 [INFO] PluginManage:359 - Loaded plugin filemanager (category:base,tabindex:10)
2025-08-31 12:05:55,916 [INFO] PluginManage:310 - Check plugin ipmanager
2025-08-31 12:05:55,920 [INFO] PluginManage:359 - Loaded plugin ipmanager (category:base,tabindex:5)
2025-08-31 12:05:55,920 [INFO] PluginManage:310 - Check plugin lpbam
2025-08-31 12:05:55,936 [INFO] PluginManage:359 - Loaded plugin lpbam (category:base,tabindex:0)
2025-08-31 12:05:55,936 [INFO] PluginManage:310 - Check plugin memorymap
2025-08-31 12:05:55,953 [INFO] PluginManage:359 - Loaded plugin memorymap (category:base,tabindex:4)
2025-08-31 12:05:55,953 [INFO] PluginManage:310 - Check plugin pinoutandconfiguration
2025-08-31 12:05:55,967 [INFO] PluginManage:359 - Loaded plugin pinoutandconfiguration (category:base,tabindex:1)
2025-08-31 12:05:55,967 [INFO] PluginManage:310 - Check plugin pinoutconfig
2025-08-31 12:05:56,026 [WARN] SupportedApi:132 - Cannot load RTOS API schema: s4s-elt-must-match.1: The content of 'definitions' must match (annotation?, (simpleType | complexType)?, (unique | key | keyref)*)). A problem was found starting at: attribute.
2025-08-31 12:05:56,107 [INFO] PluginManage:359 - Loaded plugin pinoutconfig (category:base,tabindex:0)
2025-08-31 12:05:56,108 [INFO] PluginManage:310 - Check plugin power
2025-08-31 12:05:56,124 [INFO] PluginManage:359 - Loaded plugin power (category:power,tabindex:4)
2025-08-31 12:05:56,124 [INFO] PluginManage:310 - Check plugin projectmanager
2025-08-31 12:05:56,134 [INFO] PluginManage:359 - Loaded plugin projectmanager (category:projectmanager,tabindex:4)
2025-08-31 12:05:56,135 [INFO] PluginManage:310 - Check plugin rif
2025-08-31 12:05:56,147 [INFO] PluginManage:359 - Loaded plugin rif (category:base,tabindex:3)
2025-08-31 12:05:56,147 [INFO] PluginManage:310 - Check plugin thirdparty
2025-08-31 12:05:56,387 [INFO] PluginManage:359 - Loaded plugin thirdparty (category:base,tabindex:-1)
2025-08-31 12:05:56,387 [WARN] IntegrityCheckThread:84 - waiting for thirdparty lock release [integrity check]
2025-08-31 12:05:56,387 [INFO] PluginManage:310 - Check plugin tools
2025-08-31 12:05:56,387 [INFO] IntegrityCheckThread:86 - entering critical section [integrity check]
2025-08-31 12:05:56,387 [INFO] ThirdPartyUpdaterWithRetryManager:70 - Updater plugin not ready yet. [1/15]
2025-08-31 12:05:56,424 [INFO] PluginManage:359 - Loaded plugin tools (category:base,tabindex:7)
2025-08-31 12:05:56,424 [INFO] PluginManage:310 - Check plugin tutovideos
2025-08-31 12:05:56,546 [INFO] PluginManage:359 - Loaded plugin tutovideos (category:base,tabindex:-1)
2025-08-31 12:05:56,546 [INFO] PluginManage:310 - Check plugin updater
2025-08-31 12:05:56,557 [INFO] PluginManage:359 - Loaded plugin updater (category:base,tabindex:12)
2025-08-31 12:05:56,557 [INFO] PluginManage:310 - Check plugin userauth
2025-08-31 12:05:56,561 [INFO] UserAuth:113 - Init User Auth plugin
2025-08-31 12:05:56,561 [INFO] PluginManage:359 - Loaded plugin userauth (category:base,tabindex:14)
2025-08-31 12:05:56,561 [INFO] PluginManage:283 - PluginManage : Loaded plugins [18]
2025-08-31 12:05:56,694 [INFO] PinOutPanel:1561 - setPackage(No Configuration,No Configuration)
2025-08-31 12:05:56,751 [INFO] CADModel:165 - CPN selected for project level
2025-08-31 12:05:56,751 [INFO] CADModel:114 - Register for checkConnection events
2025-08-31 12:05:56,771 [INFO] IPUIPlugin:80 - create IPUIPlugin
2025-08-31 12:05:56,771 [INFO] PluginManager:220 - loadIPPluginJar : add adc
2025-08-31 12:05:56,801 [INFO] IPUIPlugin:80 - create IPUIPlugin
2025-08-31 12:05:56,801 [INFO] PluginManager:220 - loadIPPluginJar : add aes
2025-08-31 12:05:56,830 [INFO] IPUIPlugin:80 - create IPUIPlugin
2025-08-31 12:05:56,830 [INFO] PluginManager:220 - loadIPPluginJar : add can
2025-08-31 12:05:56,847 [INFO] IPUIPlugin:80 - create IPUIPlugin
2025-08-31 12:05:56,847 [INFO] PluginManager:220 - loadIPPluginJar : add comp
2025-08-31 12:05:56,870 [INFO] IPUIPlugin:80 - create IPUIPlugin
2025-08-31 12:05:56,871 [INFO] PluginManager:220 - loadIPPluginJar : add cryp
2025-08-31 12:05:56,879 [INFO] IPUIPlugin:80 - create IPUIPlugin
2025-08-31 12:05:56,879 [INFO] PluginManager:220 - loadIPPluginJar : add ddr_ctrl_phy
2025-08-31 12:05:56,900 [INFO] IPUIPlugin:80 - create IPUIPlugin
2025-08-31 12:05:56,900 [INFO] PluginManager:220 - loadIPPluginJar : add dfsdm
2025-08-31 12:05:56,909 [INFO] IPUIPlugin:80 - create IPUIPlugin
2025-08-31 12:05:56,909 [INFO] PluginManager:220 - loadIPPluginJar : add dma
2025-08-31 12:05:56,942 [INFO] IPUIPlugin:80 - create IPUIPlugin
2025-08-31 12:05:56,942 [INFO] PluginManager:220 - loadIPPluginJar : add dma3
2025-08-31 12:05:56,973 [INFO] IPUIPlugin:80 - create IPUIPlugin
2025-08-31 12:05:56,973 [INFO] PluginManager:220 - loadIPPluginJar : add extmemmanager
2025-08-31 12:05:56,987 [INFO] IPUIPlugin:80 - create IPUIPlugin
2025-08-31 12:05:56,988 [INFO] PluginManager:220 - loadIPPluginJar : add fatfs
2025-08-31 12:05:57,024 [INFO] IPUIPlugin:80 - create IPUIPlugin
2025-08-31 12:05:57,025 [INFO] PluginManager:220 - loadIPPluginJar : add fmc
2025-08-31 12:05:57,037 [INFO] IPUIPlugin:80 - create IPUIPlugin
2025-08-31 12:05:57,037 [INFO] PluginManager:220 - loadIPPluginJar : add freertos
2025-08-31 12:05:57,056 [INFO] IPUIPlugin:80 - create IPUIPlugin
2025-08-31 12:05:57,056 [INFO] PluginManager:220 - loadIPPluginJar : add genericplugin
2025-08-31 12:05:57,126 [INFO] IPUIPlugin:80 - create IPUIPlugin
2025-08-31 12:05:57,126 [INFO] PluginManager:220 - loadIPPluginJar : add gfxmmu
2025-08-31 12:05:57,218 [INFO] IPUIPlugin:80 - create IPUIPlugin
2025-08-31 12:05:57,218 [INFO] PluginManager:220 - loadIPPluginJar : add gic
2025-08-31 12:05:57,227 [INFO] IPUIPlugin:80 - create IPUIPlugin
2025-08-31 12:05:57,227 [INFO] PluginManager:220 - loadIPPluginJar : add gpio
2025-08-31 12:05:57,293 [INFO] IPUIPlugin:80 - create IPUIPlugin
2025-08-31 12:05:57,294 [INFO] PluginManager:220 - loadIPPluginJar : add gtzc
2025-08-31 12:05:57,317 [INFO] IPUIPlugin:80 - create IPUIPlugin
2025-08-31 12:05:57,317 [INFO] PluginManager:220 - loadIPPluginJar : add hash
2025-08-31 12:05:57,353 [INFO] IPUIPlugin:80 - create IPUIPlugin
2025-08-31 12:05:57,353 [INFO] PluginManager:220 - loadIPPluginJar : add i2c
2025-08-31 12:05:57,381 [INFO] IPUIPlugin:80 - create IPUIPlugin
2025-08-31 12:05:57,381 [INFO] PluginManager:220 - loadIPPluginJar : add i2s
2025-08-31 12:05:57,410 [INFO] IPUIPlugin:80 - create IPUIPlugin
2025-08-31 12:05:57,410 [INFO] PluginManager:220 - loadIPPluginJar : add i3c
2025-08-31 12:05:57,482 [INFO] IPUIPlugin:80 - create IPUIPlugin
2025-08-31 12:05:57,482 [INFO] PluginManager:220 - loadIPPluginJar : add ipddr
2025-08-31 12:05:57,549 [INFO] IPUIPlugin:80 - create IPUIPlugin
2025-08-31 12:05:57,549 [INFO] PluginManager:220 - loadIPPluginJar : add linkedlist
2025-08-31 12:05:57,578 [INFO] IPUIPlugin:80 - create IPUIPlugin
2025-08-31 12:05:57,578 [INFO] PluginManager:220 - loadIPPluginJar : add lorawan
2025-08-31 12:05:57,603 [INFO] IPUIPlugin:80 - create IPUIPlugin
2025-08-31 12:05:57,603 [INFO] PluginManager:220 - loadIPPluginJar : add ltdc
2025-08-31 12:05:57,613 [INFO] IPUIPlugin:80 - create IPUIPlugin
2025-08-31 12:05:57,613 [INFO] PluginManager:220 - loadIPPluginJar : add mdma
2025-08-31 12:05:57,621 [INFO] IPUIPlugin:80 - create IPUIPlugin
2025-08-31 12:05:57,621 [INFO] PluginManager:220 - loadIPPluginJar : add nvic
2025-08-31 12:05:57,648 [INFO] IPUIPlugin:80 - create IPUIPlugin
2025-08-31 12:05:57,649 [INFO] PluginManager:220 - loadIPPluginJar : add opamp
2025-08-31 12:05:57,692 [INFO] IPUIPlugin:80 - create IPUIPlugin
2025-08-31 12:05:57,692 [INFO] PluginManager:220 - loadIPPluginJar : add openamp
2025-08-31 12:05:57,721 [INFO] IPUIPlugin:80 - create IPUIPlugin
2025-08-31 12:05:57,722 [INFO] PluginManager:220 - loadIPPluginJar : add pdm2pcm
2025-08-31 12:05:57,731 [INFO] IPUIPlugin:80 - create IPUIPlugin
2025-08-31 12:05:57,732 [INFO] PluginManager:220 - loadIPPluginJar : add plateformsettings
2025-08-31 12:05:57,748 [INFO] IPUIPlugin:80 - create IPUIPlugin
2025-08-31 12:05:57,748 [INFO] PluginManager:220 - loadIPPluginJar : add quadspi
2025-08-31 12:05:57,767 [INFO] IPUIPlugin:80 - create IPUIPlugin
2025-08-31 12:05:57,768 [INFO] PluginManager:220 - loadIPPluginJar : add radio
2025-08-31 12:05:57,777 [INFO] IPUIPlugin:80 - create IPUIPlugin
2025-08-31 12:05:57,777 [INFO] PluginManager:220 - loadIPPluginJar : add resmgrutility
2025-08-31 12:05:57,809 [INFO] IPUIPlugin:80 - create IPUIPlugin
2025-08-31 12:05:57,809 [INFO] PluginManager:220 - loadIPPluginJar : add sai
2025-08-31 12:05:57,834 [INFO] IPUIPlugin:80 - create IPUIPlugin
2025-08-31 12:05:57,834 [INFO] PluginManager:220 - loadIPPluginJar : add spi
2025-08-31 12:05:57,883 [INFO] IPUIPlugin:80 - create IPUIPlugin
2025-08-31 12:05:57,883 [INFO] PluginManager:220 - loadIPPluginJar : add stm32_wpan
2025-08-31 12:05:57,901 [INFO] IPUIPlugin:80 - create IPUIPlugin
2025-08-31 12:05:57,901 [INFO] PluginManager:220 - loadIPPluginJar : add tim
2025-08-31 12:05:57,942 [INFO] IPUIPlugin:80 - create IPUIPlugin
2025-08-31 12:05:57,943 [INFO] PluginManager:220 - loadIPPluginJar : add touchsensing
2025-08-31 12:05:57,959 [INFO] IPUIPlugin:80 - create IPUIPlugin
2025-08-31 12:05:57,959 [INFO] PluginManager:220 - loadIPPluginJar : add tracer_emb
2025-08-31 12:05:57,975 [INFO] IPUIPlugin:80 - create IPUIPlugin
2025-08-31 12:05:57,976 [INFO] PluginManager:220 - loadIPPluginJar : add ts
2025-08-31 12:05:57,991 [INFO] IPUIPlugin:80 - create IPUIPlugin
2025-08-31 12:05:57,991 [INFO] PluginManager:220 - loadIPPluginJar : add tsc
2025-08-31 12:05:58,006 [INFO] IPUIPlugin:80 - create IPUIPlugin
2025-08-31 12:05:58,006 [INFO] PluginManager:220 - loadIPPluginJar : add ucpd
2025-08-31 12:05:58,037 [INFO] IPUIPlugin:80 - create IPUIPlugin
2025-08-31 12:05:58,037 [INFO] PluginManager:220 - loadIPPluginJar : add usart
2025-08-31 12:05:58,066 [INFO] IPUIPlugin:80 - create IPUIPlugin
2025-08-31 12:05:58,066 [INFO] PluginManager:220 - loadIPPluginJar : add usbx
2025-08-31 12:05:58,172 [INFO] CADModel:165 - CPN selected for project level
2025-08-31 12:05:58,172 [INFO] CADModel:114 - Register for checkConnection events
2025-08-31 12:05:58,172 [FATAL] Updater:334 - Updater called before beeing initialized
2025-08-31 12:05:58,172 [ERROR] CADModel:125 - Updater not yet initialized, retry later 
2025-08-31 12:05:58,250 [INFO] CADModel:165 - CPN selected for project level
2025-08-31 12:05:58,250 [INFO] CADModel:114 - Register for checkConnection events
2025-08-31 12:05:58,250 [FATAL] Updater:334 - Updater called before beeing initialized
2025-08-31 12:05:58,250 [ERROR] CADModel:125 - Updater not yet initialized, retry later 
2025-08-31 12:05:58,252 [FATAL] Updater:334 - Updater called before beeing initialized
2025-08-31 12:05:58,314 [FATAL] Updater:334 - Updater called before beeing initialized
2025-08-31 12:05:58,324 [INFO] DbMcusAds:53 - JSON generation date=Thu Jun 19 11:32:34 EEST 2025 (1750321954415)
2025-08-31 12:05:58,324 [FATAL] Updater:334 - Updater called before beeing initialized
2025-08-31 12:05:58,351 [WARN] DetailPanel:346 - Failed to get advertising image, set to default
2025-08-31 12:05:58,432 [FATAL] Updater:334 - Updater called before beeing initialized
2025-08-31 12:05:58,434 [FATAL] Updater:334 - Updater called before beeing initialized
2025-08-31 12:05:58,434 [FATAL] Updater:334 - Updater called before beeing initialized
2025-08-31 12:05:58,434 [WARN] DetailPanel:346 - Failed to get advertising image, set to default
2025-08-31 12:05:58,434 [FATAL] Updater:334 - Updater called before beeing initialized
2025-08-31 12:05:58,475 [ERROR] Updater:1164 - MainUpdater not yet initialized. External WinMGr cannot be set.
2025-08-31 12:05:58,483 [INFO] Updater:1100 - Updater Version found : 6.12.0
2025-08-31 12:05:58,493 [INFO] ApplicationProperties:184 - Using Application install path: C:\ST\STM32CubeIDE_1.16.0\STM32CubeIDE\plugins\com.st.stm32cube.common.mx_6.12.0.202406281431
2025-08-31 12:05:59,388 [INFO] ThirdPartyUpdaterWithRetryManager:70 - Updater plugin not ready yet. [2/15]
2025-08-31 12:06:00,062 [ERROR] LogOutputStream:75 - [STDERR_REDIRECT] Aug 31, 2025 12:06:00 PM java.util.prefs.WindowsPreferences <init>
2025-08-31 12:06:00,063 [ERROR] LogOutputStream:75 - [STDERR_REDIRECT] WARNING: Could not open/create prefs root node Software\JavaSoft\Prefs at root 0xffffffff80000002. Windows RegCreateKeyEx(...) returned error code 5.
2025-08-31 12:06:00,063 [ERROR] LogOutputStream:75 - [STDERR_REDIRECT] 
2025-08-31 12:06:00,613 [INFO] MainUpdater:2873 - connection check result : 10
2025-08-31 12:06:00,614 [INFO] MainUpdater:290 - Updater Check For Update Now.
2025-08-31 12:06:00,614 [INFO] MicroXplorer:498 - Change Database Version : DB.6.0.120
2025-08-31 12:06:00,626 [INFO] McuFinderGlobals:63 - Set McuFinder mode to 2 (CubeIDE integrated)
2025-08-31 12:06:00,631 [INFO] UserAuth:417 - Internet connection configuration mode: 1
2025-08-31 12:06:00,653 [INFO] JxBrowserEngine:152 - Initiate JxBrowser Engine with user profile folder
2025-08-31 12:06:00,813 [INFO] CheckServerUpdateThread:120 - End of CheckServer Thread
2025-08-31 12:06:05,583 [WARN] PackLoader:240 - Cannot read IP mode file for STMicroelectronics.FP-SNS-MOTENVWB1.1.4.0
2025-08-31 12:06:05,599 [WARN] PackLoader:240 - Cannot read IP mode file for STMicroelectronics.FP-ATR-ASTRA1.2.0.2
2025-08-31 12:06:05,614 [WARN] PackLoader:240 - Cannot read IP mode file for STMicroelectronics.FP-ATR-ASTRA1.2.0.1
2025-08-31 12:06:05,631 [WARN] PackLoader:240 - Cannot read IP mode file for STMicroelectronics.X-CUBE-SMBUS.2.1.0
2025-08-31 12:06:05,649 [WARN] PackLoader:240 - Cannot read IP mode file for STMicroelectronics.X-CUBE-WB05N.1.1.0
2025-08-31 12:06:05,661 [INFO] WebApp:167 - Instantiating new browser for Auth
2025-08-31 12:06:05,663 [ERROR] Engine:466 - C:\Users\Daniel\.stm32cubemx\thirdparties\pdsc\STMicroelectronics.X-CUBE-ST60.1.0.0.pdsc: PDSC version is not supported
2025-08-31 12:06:05,681 [WARN] PackLoader:240 - Cannot read IP mode file for STMicroelectronics.X-CUBE-TOUCHGFX.4.23.1
2025-08-31 12:06:05,701 [WARN] PackLoader:240 - Cannot read IP mode file for STMicroelectronics.X-CUBE-TOUCHGFX.4.23.0
2025-08-31 12:06:05,719 [WARN] PackLoader:240 - Cannot read IP mode file for STMicroelectronics.X-CUBE-TOUCHGFX.4.23.2
2025-08-31 12:06:05,847 [WARN] PackLoader:240 - Cannot read IP mode file for STMicroelectronics.X-CUBE-AZRTOS-F7.1.1.0
2025-08-31 12:06:05,868 [WARN] PackLoader:240 - Cannot read IP mode file for STMicroelectronics.X-CUBE-AI.7.1.0
2025-08-31 12:06:05,925 [ERROR] RealEvaluatedCondition:428 - Found unsupported composite condition: CLASS='Data Exchange' GROUP='STM32_MetaDataManager'
2025-08-31 12:06:05,925 [ERROR] RealEvaluatedCondition:428 - Found unsupported composite condition: CLASS='Data Exchange' GROUP='STM32_MetaDataManager'
2025-08-31 12:06:05,926 [WARN] PackLoader:240 - Cannot read IP mode file for STMicroelectronics.FP-SNS-MOTENV1.4.3.0
2025-08-31 12:06:05,938 [WARN] PackLoader:240 - Cannot read IP mode file for STMicroelectronics.FP-SNS-FLIGHT1.5.0.0
2025-08-31 12:06:05,949 [ERROR] RealEvaluatedCondition:428 - Found unsupported composite condition: CLASS='Data Exchange' GROUP='STM32_MetaDataManager'
2025-08-31 12:06:05,950 [ERROR] RealEvaluatedCondition:428 - Found unsupported composite condition: GROUP='STM32_MetaDataManager' CLASS='Data Exchange'
2025-08-31 12:06:05,950 [WARN] PackLoader:240 - Cannot read IP mode file for STMicroelectronics.FP-SNS-MOTENV1.4.3.1
2025-08-31 12:06:05,963 [WARN] PackLoader:240 - Cannot read IP mode file for STMicroelectronics.FP-SNS-FLIGHT1.5.0.1
2025-08-31 12:06:05,976 [WARN] PackLoader:240 - Cannot read IP mode file for STMicroelectronics.X-CUBE-BLE1.6.2.3
2025-08-31 12:06:06,036 [WARN] PackLoader:240 - Cannot read IP mode file for STMicroelectronics.X-CUBE-MEMS1.11.0.0
2025-08-31 12:06:06,160 [WARN] PackLoader:240 - Cannot read IP mode file for STMicroelectronics.X-CUBE-BLE1.6.2.4
2025-08-31 12:06:06,188 [WARN] PackLoader:240 - Cannot read IP mode file for STMicroelectronics.X-CUBE-AZRTOS-H7.3.4.0
2025-08-31 12:06:06,208 [WARN] PackLoader:240 - Cannot read IP mode file for STMicroelectronics.X-CUBE-DISPLAY.3.0.0
2025-08-31 12:06:06,285 [WARN] PackLoader:240 - Cannot read IP mode file for STMicroelectronics.X-CUBE-BLE1.7.0.0
2025-08-31 12:06:06,305 [WARN] PackLoader:240 - Cannot read IP mode file for STMicroelectronics.X-CUBE-NFC10.1.0.0
2025-08-31 12:06:06,324 [WARN] PackLoader:240 - Cannot read IP mode file for STMicroelectronics.X-CUBE-BLEMGR.4.0.0
2025-08-31 12:06:06,377 [INFO] WebApp:448 - Apply proxy settings
2025-08-31 12:06:06,377 [INFO] WebApp:533 - Chromium requires no authentication
2025-08-31 12:06:06,387 [INFO] WebApp:476 - Direct internet connection detected
2025-08-31 12:06:06,396 [WARN] PackLoader:240 - Cannot read IP mode file for emotas.I-CUBE-CANOPEN.1.3.0
2025-08-31 12:06:06,410 [INFO] WebApp:869 - Register for checkConnection events
2025-08-31 12:06:06,410 [INFO] WebApp:448 - Apply proxy settings
2025-08-31 12:06:06,410 [INFO] WebApp:533 - Chromium requires no authentication
2025-08-31 12:06:06,411 [INFO] WebApp:476 - Direct internet connection detected
2025-08-31 12:06:06,443 [WARN] PackLoader:240 - Cannot read IP mode file for STMicroelectronics.X-CUBE-TOUCHGFX.4.22.1
2025-08-31 12:06:06,477 [WARN] PackLoader:240 - Cannot read IP mode file for STMicroelectronics.X-CUBE-MEMS1.9.3.0
2025-08-31 12:06:06,544 [WARN] PackLoader:240 - Cannot read IP mode file for STMicroelectronics.X-CUBE-AI.7.2.0
2025-08-31 12:06:06,588 [INFO] WebApp:186 - Connection restablished
2025-08-31 12:06:06,609 [INFO] WebApp:220 - Starting web application
2025-08-31 12:06:06,609 [INFO] WebApp:578 - Web application path used C:\ST\STM32CubeIDE_1.16.0\STM32CubeIDE\plugins\com.st.stm32cube.common.mx_6.12.0.202406281431\db\plugins\mcufinder\reactClient1\index.html
2025-08-31 12:06:06,617 [WARN] PackLoader:240 - Cannot read IP mode file for STMicroelectronics.X-CUBE-BLEMGR.3.1.0
2025-08-31 12:06:06,691 [WARN] PackLoader:240 - Cannot read IP mode file for STMicroelectronics.X-CUBE-AI.10.0.0
2025-08-31 12:06:06,707 [ERROR] Engine:466 - C:\Users\Daniel\.stm32cubemx\thirdparties\pdsc\STMicroelectronics.FP-SNS-STBOX1.2.1.0.pdsc: PDSC version is not supported
2025-08-31 12:06:06,719 [ERROR] Engine:466 - C:\Users\Daniel\.stm32cubemx\thirdparties\pdsc\STMicroelectronics.FP-SNS-FLIGHT1.5.1.0.pdsc: PDSC version is not supported
2025-08-31 12:06:06,766 [INFO] UserAuth:417 - Internet connection configuration mode: 1
2025-08-31 12:06:06,772 [WARN] PackLoader:240 - Cannot read IP mode file for STMicroelectronics.X-CUBE-MEMS1.11.1.0
2025-08-31 12:06:06,870 [WARN] PackLoader:240 - Cannot read IP mode file for STMicroelectronics.FP-SNS-MOTENV1.5.0.0
2025-08-31 12:06:06,886 [WARN] PackLoader:240 - Cannot read IP mode file for wolfSSL.I-CUBE-wolfMQTT.1.19.0
2025-08-31 12:06:06,913 [WARN] PackLoader:240 - Cannot read IP mode file for WES.I-CUBE-Cesium.1.3.0
2025-08-31 12:06:06,933 [WARN] PackLoader:240 - Cannot read IP mode file for STMicroelectronics.X-CUBE-BLE2.3.3.0
2025-08-31 12:06:06,993 [WARN] PackLoader:240 - Cannot read IP mode file for STMicroelectronics.X-CUBE-DISPLAY.2.2.0
2025-08-31 12:06:07,018 [WARN] PackLoader:240 - Cannot read IP mode file for STMicroelectronics.X-CUBE-TOF1.3.2.0
2025-08-31 12:06:07,041 [WARN] PackLoader:240 - Cannot read IP mode file for STMicroelectronics.X-CUBE-NFC9.1.0.0
2025-08-31 12:06:07,071 [WARN] PackLoader:240 - Cannot read IP mode file for STMicroelectronics.X-CUBE-AZRTOS-H7.2.1.0
2025-08-31 12:06:07,088 [WARN] PackLoader:240 - Cannot read IP mode file for STMicroelectronics.X-CUBE-AI.4.1.0
2025-08-31 12:06:07,130 [WARN] PackLoader:240 - Cannot read IP mode file for STMicroelectronics.X-CUBE-BLE1.7.1.0
2025-08-31 12:06:07,144 [WARN] PackLoader:240 - Cannot read IP mode file for STMicroelectronics.X-CUBE-TCPP.4.1.0
2025-08-31 12:06:07,190 [WARN] PackLoader:240 - Cannot read IP mode file for STMicroelectronics.X-CUBE-EEPRMA1.5.2.0
2025-08-31 12:06:07,205 [WARN] PackLoader:240 - Cannot read IP mode file for STMicroelectronics.X-CUBE-TOUCHGFX.4.21.1
2025-08-31 12:06:07,219 [WARN] PackLoader:240 - Cannot read IP mode file for STMicroelectronics.X-CUBE-TOUCHGFX.4.21.0
2025-08-31 12:06:07,230 [WARN] PackLoader:240 - Cannot read IP mode file for STMicroelectronics.X-CUBE-TOUCHGFX.4.21.3
2025-08-31 12:06:07,242 [WARN] PackLoader:240 - Cannot read IP mode file for STMicroelectronics.X-CUBE-TOUCHGFX.4.21.4
2025-08-31 12:06:07,273 [WARN] PackLoader:240 - Cannot read IP mode file for STMicroelectronics.X-CUBE-MEMS1.9.4.0
2025-08-31 12:06:07,342 [WARN] PackLoader:240 - Cannot read IP mode file for STMicroelectronics.X-CUBE-AI.7.3.0
2025-08-31 12:06:07,381 [WARN] PackLoader:240 - Cannot read IP mode file for STMicroelectronics.X-CUBE-AI.10.1.0
2025-08-31 12:06:07,391 [WARN] PackLoader:240 - Cannot read IP mode file for STMicroelectronics.X-CUBE-ALGOBUILD.1.3.0
2025-08-31 12:06:07,446 [WARN] PackLoader:240 - Cannot read IP mode file for STMicroelectronics.X-CUBE-MEMS1.11.2.0
2025-08-31 12:06:07,544 [WARN] PackLoader:240 - Cannot read IP mode file for STMicroelectronics.X-CUBE-AZRTOS-G0.1.1.0
2025-08-31 12:06:07,558 [WARN] PackLoader:240 - Cannot read IP mode file for STMicroelectronics.X-CUBE-SAFEA1.1.2.2
2025-08-31 12:06:07,569 [WARN] PackLoader:240 - Cannot read IP mode file for STMicroelectronics.X-CUBE-NFC4.3.0.0
2025-08-31 12:06:07,602 [WARN] PackLoader:240 - Cannot read IP mode file for SEGGER.I-CUBE-embOS.1.2.1
2025-08-31 12:06:07,628 [WARN] PackLoader:240 - Cannot read IP mode file for wolfSSL.I-CUBE-wolfMQTT.1.18.0
2025-08-31 12:06:07,640 [WARN] PackLoader:240 - Cannot read IP mode file for EmbeddedOffice.I-CUBE-FS-RTOS.1.0.1
2025-08-31 12:06:07,640 [ERROR] ConditionMgr:805 - Attr not supported : Dmpu
2025-08-31 12:06:07,640 [ERROR] ConditionMgr:805 - Attr not supported : Dmpu
2025-08-31 12:06:07,641 [ERROR] ConditionMgr:805 - Attr not supported : Dmpu
2025-08-31 12:06:07,641 [ERROR] ConditionMgr:805 - Attr not supported : Dmpu
2025-08-31 12:06:07,641 [ERROR] ConditionMgr:805 - Attr not supported : Dmpu
2025-08-31 12:06:07,641 [ERROR] ConditionMgr:805 - Attr not supported : Dmpu
2025-08-31 12:06:07,641 [ERROR] ConditionMgr:805 - Attr not supported : Dmpu
2025-08-31 12:06:07,641 [ERROR] ConditionMgr:805 - Attr not supported : Dmpu
2025-08-31 12:06:07,641 [ERROR] ConditionMgr:805 - Attr not supported : Dmpu
2025-08-31 12:06:07,641 [ERROR] ConditionMgr:805 - Attr not supported : Dmpu
2025-08-31 12:06:07,641 [ERROR] ConditionMgr:805 - Attr not supported : Dmpu
2025-08-31 12:06:07,641 [ERROR] ConditionMgr:805 - Attr not supported : Dmpu
2025-08-31 12:06:07,641 [ERROR] ConditionMgr:805 - Attr not supported : Dmpu
2025-08-31 12:06:07,641 [ERROR] ConditionMgr:805 - Attr not supported : Dmpu
2025-08-31 12:06:07,641 [ERROR] ConditionMgr:805 - Attr not supported : Dmpu
2025-08-31 12:06:07,641 [ERROR] ConditionMgr:805 - Attr not supported : Dmpu
2025-08-31 12:06:07,641 [ERROR] ConditionMgr:805 - Attr not supported : Dmpu
2025-08-31 12:06:07,641 [ERROR] ConditionMgr:805 - Attr not supported : Dmpu
2025-08-31 12:06:07,641 [ERROR] ConditionMgr:805 - Attr not supported : Dmpu
2025-08-31 12:06:07,641 [ERROR] ConditionMgr:805 - Attr not supported : Dmpu
2025-08-31 12:06:07,641 [ERROR] ConditionMgr:805 - Attr not supported : Dmpu
2025-08-31 12:06:07,641 [ERROR] ConditionMgr:805 - Attr not supported : Dmpu
2025-08-31 12:06:07,641 [ERROR] ConditionMgr:805 - Attr not supported : Dmpu
2025-08-31 12:06:07,641 [ERROR] ConditionMgr:805 - Attr not supported : Dmpu
2025-08-31 12:06:07,641 [ERROR] ConditionMgr:805 - Attr not supported : Dmpu
2025-08-31 12:06:07,641 [ERROR] ConditionMgr:805 - Attr not supported : Dmpu
2025-08-31 12:06:07,641 [ERROR] ConditionMgr:805 - Attr not supported : Dmpu
2025-08-31 12:06:07,641 [ERROR] ConditionMgr:805 - Attr not supported : Dmpu
2025-08-31 12:06:07,641 [ERROR] ConditionMgr:805 - Attr not supported : Dmpu
2025-08-31 12:06:07,641 [ERROR] ConditionMgr:805 - Attr not supported : Dmpu
2025-08-31 12:06:07,641 [ERROR] ConditionMgr:805 - Attr not supported : Dmpu
2025-08-31 12:06:07,641 [ERROR] ConditionMgr:805 - Attr not supported : Dmpu
2025-08-31 12:06:07,642 [ERROR] ConditionMgr:805 - Attr not supported : Dmpu
2025-08-31 12:06:07,642 [ERROR] ConditionMgr:805 - Attr not supported : Dmpu
2025-08-31 12:06:07,642 [ERROR] ConditionMgr:805 - Attr not supported : Dmpu
2025-08-31 12:06:07,642 [ERROR] ConditionMgr:805 - Attr not supported : Dmpu
2025-08-31 12:06:07,642 [ERROR] ConditionMgr:805 - Attr not supported : Dmpu
2025-08-31 12:06:07,642 [ERROR] ConditionMgr:805 - Attr not supported : Dmpu
2025-08-31 12:06:07,642 [ERROR] ConditionMgr:805 - Attr not supported : Dmpu
2025-08-31 12:06:07,642 [ERROR] ConditionMgr:805 - Attr not supported : Dmpu
2025-08-31 12:06:07,642 [ERROR] ConditionMgr:805 - Attr not supported : Dmpu
2025-08-31 12:06:07,642 [ERROR] ConditionMgr:805 - Attr not supported : Dmpu
2025-08-31 12:06:07,642 [ERROR] ConditionMgr:805 - Attr not supported : Dmpu
2025-08-31 12:06:07,642 [ERROR] ConditionMgr:805 - Attr not supported : Dmpu
2025-08-31 12:06:07,642 [ERROR] ConditionMgr:805 - Attr not supported : Dmpu
2025-08-31 12:06:07,642 [ERROR] ConditionMgr:805 - Attr not supported : Dmpu
2025-08-31 12:06:07,642 [ERROR] ConditionMgr:805 - Attr not supported : Dmpu
2025-08-31 12:06:07,642 [ERROR] ConditionMgr:805 - Attr not supported : Dmpu
2025-08-31 12:06:07,642 [ERROR] ConditionMgr:805 - Attr not supported : Dmpu
2025-08-31 12:06:07,642 [ERROR] ConditionMgr:805 - Attr not supported : Dmpu
2025-08-31 12:06:07,642 [ERROR] ConditionMgr:805 - Attr not supported : Dmpu
2025-08-31 12:06:07,642 [ERROR] ConditionMgr:805 - Attr not supported : Dmpu
2025-08-31 12:06:07,642 [ERROR] ConditionMgr:805 - Attr not supported : Dmpu
2025-08-31 12:06:07,642 [ERROR] ConditionMgr:805 - Attr not supported : Dmpu
2025-08-31 12:06:07,642 [ERROR] ConditionMgr:805 - Attr not supported : Dmpu
2025-08-31 12:06:07,642 [ERROR] ConditionMgr:805 - Attr not supported : Dmpu
2025-08-31 12:06:07,642 [ERROR] ConditionMgr:805 - Attr not supported : Dmpu
2025-08-31 12:06:07,642 [ERROR] ConditionMgr:805 - Attr not supported : Dmpu
2025-08-31 12:06:07,643 [ERROR] ConditionMgr:805 - Attr not supported : Dmpu
2025-08-31 12:06:07,643 [ERROR] ConditionMgr:805 - Attr not supported : Dmpu
2025-08-31 12:06:07,643 [ERROR] ConditionMgr:805 - Attr not supported : Dmpu
2025-08-31 12:06:07,643 [ERROR] ConditionMgr:805 - Attr not supported : Dmpu
2025-08-31 12:06:07,643 [ERROR] ConditionMgr:805 - Attr not supported : Dmpu
2025-08-31 12:06:07,643 [ERROR] ConditionMgr:805 - Attr not supported : Dmpu
2025-08-31 12:06:07,655 [WARN] PackLoader:240 - Cannot read IP mode file for STMicroelectronics.X-CUBE-WB05N.2.0.0
2025-08-31 12:06:07,669 [WARN] PackLoader:240 - Cannot read IP mode file for STMicroelectronics.X-CUBE-BLEMGR.3.0.0
2025-08-31 12:06:07,685 [WARN] PackLoader:240 - Cannot read IP mode file for STMicroelectronics.X-CUBE-BLEMGR.1.3.0
2025-08-31 12:06:07,733 [ERROR] Engine:466 - C:\Users\Daniel\STM32Cube\Repository\Packs\STMicroelectronics\X-CUBE-TCPP\4.2.0\STMicroelectronics.X-CUBE-TCPP.pdsc: PDSC version is not supported
2025-08-31 12:06:07,746 [WARN] PackLoader:240 - Cannot read IP mode file for RealThread.X-CUBE-RT-Thread_Nano.4.1.1
2025-08-31 12:06:07,758 [WARN] PackLoader:240 - Cannot read IP mode file for STMicroelectronics.FP-ATR-SIGFOX1.3.2.0
2025-08-31 12:06:07,769 [WARN] ConditionMgr:438 - getConditionDescription Invalid condition id : Cortex-A Device cause : null
2025-08-31 12:06:07,782 [WARN] ConditionMgr:1039 - genDependencies : Invalid condition id : Cortex-A Device cause : null
2025-08-31 12:06:07,783 [WARN] ConditionMgr:1039 - genDependencies : Invalid condition id : Cortex-A Device cause : null
2025-08-31 12:06:07,783 [WARN] ConditionMgr:1039 - genDependencies : Invalid condition id : Cortex-A Device cause : null
2025-08-31 12:06:07,795 [WARN] PackLoader:240 - Cannot read IP mode file for STMicroelectronics.X-CUBE-EEPRMA1.5.1.0
2025-08-31 12:06:07,836 [WARN] PackLoader:240 - Cannot read IP mode file for STMicroelectronics.X-CUBE-TOUCHGFX.4.20.0
2025-08-31 12:06:07,847 [WARN] PackLoader:240 - Cannot read IP mode file for STMicroelectronics.X-CUBE-AI.3.4.0
2025-08-31 12:06:07,909 [WARN] PackLoader:240 - Cannot read IP mode file for STMicroelectronics.X-CUBE-MEMS1.9.5.0
2025-08-31 12:06:07,964 [ERROR] Engine:466 - C:\Users\Daniel\.stm32cubemx\thirdparties\pdsc\STMicroelectronics.X-CUBE-ST67W61.1.0.0.pdsc: PDSC version is not supported
2025-08-31 12:06:07,974 [WARN] PackLoader:240 - Cannot read IP mode file for STMicroelectronics.X-CUBE-AI.10.2.0
2025-08-31 12:06:07,993 [WARN] PackLoader:240 - Cannot read IP mode file for SEGGER.I-CUBE-embOS.1.3.1
2025-08-31 12:06:08,055 [WARN] PackLoader:240 - Cannot read IP mode file for STMicroelectronics.X-CUBE-ALGOBUILD.1.4.0
2025-08-31 12:06:08,082 [WARN] PackLoader:240 - Cannot read IP mode file for STMicroelectronics.X-CUBE-MEMS1.11.3.0
2025-08-31 12:06:08,147 [WARN] PackLoader:240 - Cannot read IP mode file for STMicroelectronics.X-CUBE-AI.9.1.0
2025-08-31 12:06:08,194 [WARN] PackLoader:240 - Cannot read IP mode file for STMicroelectronics.X-CUBE-AI.5.0.0
2025-08-31 12:06:08,231 [WARN] PackLoader:240 - Cannot read IP mode file for STMicroelectronics.X-CUBE-PM33A1.1.0.0
2025-08-31 12:06:08,243 [WARN] PackLoader:240 - Cannot read IP mode file for STMicroelectronics.X-CUBE-GNSS1.6.0.0
2025-08-31 12:06:08,270 [WARN] PackLoader:240 - Cannot read IP mode file for STMicroelectronics.X-CUBE-AZRTOS-F4.1.1.0
2025-08-31 12:06:08,280 [ERROR] Engine:466 - C:\Users\Daniel\.stm32cubemx\thirdparties\pdsc\Avnet-IotConnect.X-CUBE-IoTC-DA16k-PMOD.1.0.0.pdsc: PDSC version is not supported
2025-08-31 12:06:08,290 [WARN] PackLoader:240 - Cannot read IP mode file for STMicroelectronics.X-CUBE-ISPU.2.1.0
2025-08-31 12:06:08,301 [WARN] PackLoader:240 - Cannot read IP mode file for STMicroelectronics.X-CUBE-FREERTOS.1.2.0
2025-08-31 12:06:08,378 [WARN] PackLoader:240 - Cannot read IP mode file for STMicroelectronics.X-CUBE-NFC12.1.0.0
2025-08-31 12:06:08,390 [WARN] PackLoader:240 - Cannot read IP mode file for STMicroelectronics.X-CUBE-BLEMGR.1.2.0
2025-08-31 12:06:08,411 [WARN] PackLoader:240 - Cannot read IP mode file for STMicroelectronics.X-CUBE-AZRTOS-L5.2.0.0
2025-08-31 12:06:08,444 [WARN] PackLoader:240 - Cannot read IP mode file for STMicroelectronics.X-CUBE-MEMS1.9.6.0
2025-08-31 12:06:08,522 [WARN] PackLoader:240 - Cannot read IP mode file for STMicroelectronics.X-CUBE-EEPRMA1.4.2.0
2025-08-31 12:06:08,536 [WARN] PackLoader:240 - Cannot read IP mode file for STMicroelectronics.X-CUBE-NFC6.3.1.0
2025-08-31 12:06:08,547 [WARN] PackLoader:240 - Cannot read IP mode file for ITTIA_DB.I-CUBE-ITTIADB.8.8.0
2025-08-31 12:06:08,557 [WARN] PackLoader:240 - Cannot read IP mode file for emotas.I-CUBE-CANOPEN.1.1.3
2025-08-31 12:06:08,595 [WARN] PackLoader:240 - Cannot read IP mode file for STMicroelectronics.X-CUBE-BLEMGR.2.0.0
2025-08-31 12:06:08,642 [WARN] PackLoader:240 - Cannot read IP mode file for STMicroelectronics.X-CUBE-DPower.1.2.0
2025-08-31 12:06:08,650 [WARN] PackLoader:240 - Cannot read IP mode file for STMicroelectronics.X-CUBE-NFC4.2.0.5
2025-08-31 12:06:08,659 [WARN] PackLoader:240 - Cannot read IP mode file for STMicroelectronics.X-CUBE-AI.9.0.0
2025-08-31 12:06:08,701 [WARN] ConditionMgr:438 - getConditionDescription Invalid condition id : UX DEVICE CLASS RTOS Condition cause : null
2025-08-31 12:06:08,701 [WARN] ConditionMgr:438 - getConditionDescription Invalid condition id : UX DEVICE CLASS RTOS Condition cause : null
2025-08-31 12:06:08,702 [WARN] PackLoader:240 - Cannot read IP mode file for STMicroelectronics.X-CUBE-AZRTOS-H7.3.1.0
2025-08-31 12:06:08,703 [WARN] ConditionMgr:1039 - genDependencies : Invalid condition id : UX DEVICE CLASS RTOS Condition cause : null
2025-08-31 12:06:08,703 [WARN] ConditionMgr:1039 - genDependencies : Invalid condition id : UX DEVICE CLASS RTOS Condition cause : null
2025-08-31 12:06:08,703 [WARN] ConditionMgr:1039 - genDependencies : Invalid condition id : UX DEVICE CLASS RTOS Condition cause : null
2025-08-31 12:06:08,703 [WARN] ConditionMgr:1039 - genDependencies : Invalid condition id : UX DEVICE CLASS RTOS Condition cause : null
2025-08-31 12:06:08,703 [WARN] ConditionMgr:1039 - genDependencies : Invalid condition id : UX DEVICE CLASS RTOS Condition cause : null
2025-08-31 12:06:08,713 [WARN] PackLoader:240 - Cannot read IP mode file for STMicroelectronics.X-CUBE-AI.5.1.2
2025-08-31 12:06:08,743 [WARN] PackLoader:240 - Cannot read IP mode file for wolfSSL.I-CUBE-wolfSSL.5.5.3
2025-08-31 12:06:08,771 [WARN] PackLoader:240 - Cannot read IP mode file for STMicroelectronics.X-CUBE-FREERTOS.1.3.1
2025-08-31 12:06:08,780 [WARN] PackLoader:240 - Cannot read IP mode file for STMicroelectronics.X-CUBE-FREERTOS.1.3.0
2025-08-31 12:06:08,815 [WARN] PackLoader:240 - Cannot read IP mode file for STMicroelectronics.X-CUBE-NFC7.1.0.0
2025-08-31 12:06:08,827 [WARN] PackLoader:240 - Cannot read IP mode file for wolfSSL.I-CUBE-wolfTPM.3.2.0
2025-08-31 12:06:08,836 [WARN] PackLoader:240 - Cannot read IP mode file for STMicroelectronics.X-CUBE-EEPRMA1.4.1.0
2025-08-31 12:06:08,869 [ERROR] Engine:466 - C:\Users\Daniel\.stm32cubemx\thirdparties\pdsc\STMicroelectronics.FP-SNS-STAIOTCFT.1.0.0.pdsc: PDSC version is not supported
2025-08-31 12:06:08,877 [WARN] PackLoader:240 - Cannot read IP mode file for STMicroelectronics.X-CUBE-AI.8.1.0
2025-08-31 12:06:08,910 [WARN] PackLoader:240 - Cannot read IP mode file for STMicroelectronics.X-CUBE-AI.6.0.0
2025-08-31 12:06:08,957 [WARN] ConditionMgr:438 - getConditionDescription Invalid condition id : LAN8742 Phy interface Condition cause : null
2025-08-31 12:06:08,957 [WARN] PackLoader:240 - Cannot read IP mode file for STMicroelectronics.X-CUBE-AZRTOS-L4.2.0.0
2025-08-31 12:06:08,957 [WARN] ConditionMgr:1039 - genDependencies : Invalid condition id : LAN8742 Phy interface Condition cause : null
2025-08-31 12:06:08,958 [WARN] ConditionMgr:1039 - genDependencies : Invalid condition id : LAN8742 Phy interface Condition cause : null
2025-08-31 12:06:08,958 [WARN] ConditionMgr:1039 - genDependencies : Invalid condition id : LAN8742 Phy interface Condition cause : null
2025-08-31 12:06:08,970 [WARN] PackLoader:240 - Cannot read IP mode file for STMicroelectronics.X-CUBE-SFXS2LP1.4.0.0
2025-08-31 12:06:08,980 [WARN] PackLoader:240 - Cannot read IP mode file for STMicroelectronics.X-CUBE-AI.5.2.0
2025-08-31 12:06:09,025 [WARN] PackLoader:240 - Cannot read IP mode file for STMicroelectronics.X-CUBE-AZRTOS-H7.3.0.0
2025-08-31 12:06:09,037 [WARN] PackLoader:240 - Cannot read IP mode file for STMicroelectronics.X-CUBE-ISPU.1.1.0
2025-08-31 12:06:09,058 [WARN] PackLoader:240 - Cannot read IP mode file for STMicroelectronics.X-CUBE-AZRTOS-H7.3.3.0
2025-08-31 12:06:09,071 [WARN] PackLoader:240 - Cannot read IP mode file for RoweBots.I-CUBE-UNISONRTOS.5.5.0-4
2025-08-31 12:06:09,080 [ERROR] Engine:466 - C:\Users\Daniel\.stm32cubemx\thirdparties\pdsc\STMicroelectronics.X-CUBE-BLEMGR.4.1.0.pdsc: PDSC version is not supported
2025-08-31 12:06:09,090 [WARN] PackLoader:240 - Cannot read IP mode file for STMicroelectronics.X-CUBE-AI.8.0.0
2025-08-31 12:06:09,126 [WARN] PackLoader:240 - Cannot read IP mode file for STMicroelectronics.X-CUBE-IPS.3.0.0
2025-08-31 12:06:09,145 [WARN] ConditionMgr:438 - getConditionDescription Invalid condition id : UX DEVICE CLASS RTOS Condition cause : null
2025-08-31 12:06:09,145 [WARN] ConditionMgr:438 - getConditionDescription Invalid condition id : UX DEVICE CLASS RTOS Condition cause : null
2025-08-31 12:06:09,145 [WARN] PackLoader:240 - Cannot read IP mode file for STMicroelectronics.X-CUBE-AZRTOS-WB.2.0.0
2025-08-31 12:06:09,146 [WARN] ConditionMgr:1039 - genDependencies : Invalid condition id : UX DEVICE CLASS RTOS Condition cause : null
2025-08-31 12:06:09,146 [WARN] ConditionMgr:1039 - genDependencies : Invalid condition id : UX DEVICE CLASS RTOS Condition cause : null
2025-08-31 12:06:09,146 [WARN] ConditionMgr:1039 - genDependencies : Invalid condition id : UX DEVICE CLASS RTOS Condition cause : null
2025-08-31 12:06:09,146 [WARN] ConditionMgr:1039 - genDependencies : Invalid condition id : UX DEVICE CLASS RTOS Condition cause : null
2025-08-31 12:06:09,146 [WARN] ConditionMgr:1039 - genDependencies : Invalid condition id : UX DEVICE CLASS RTOS Condition cause : null
2025-08-31 12:06:09,156 [WARN] PackLoader:240 - Cannot read IP mode file for STMicroelectronics.X-CUBE-FREERTOS.1.0.0
2025-08-31 12:06:09,166 [WARN] PackLoader:240 - Cannot read IP mode file for STMicroelectronics.X-CUBE-FREERTOS.1.0.1
2025-08-31 12:06:09,206 [WARN] PackLoader:240 - Cannot read IP mode file for STMicroelectronics.X-CUBE-GNSS1.7.0.0
2025-08-31 12:06:09,218 [WARN] PackLoader:240 - Cannot read IP mode file for STMicroelectronics.X-CUBE-GNSS1.7.0.1
2025-08-31 12:06:09,228 [WARN] PackLoader:240 - Cannot read IP mode file for STMicroelectronics.X-CUBE-TOUCHGFX.4.25.0
2025-08-31 12:06:09,240 [WARN] PackLoader:240 - Cannot read IP mode file for STMicroelectronics.FP-SNS-STBOX1.2.0.0
2025-08-31 12:06:09,259 [WARN] PackLoader:240 - Cannot read IP mode file for STMicroelectronics.X-CUBE-AZRTOS-L5.1.1.0
2025-08-31 12:06:09,271 [WARN] PackLoader:240 - Cannot read IP mode file for STMicroelectronics.X-CUBE-AI.8.0.1
2025-08-31 12:06:09,309 [WARN] PackLoader:240 - Cannot read IP mode file for STMicroelectronics.X-CUBE-SUBG2.5.0.0
2025-08-31 12:06:09,331 [WARN] PackLoader:240 - Cannot read IP mode file for STMicroelectronics.X-CUBE-AZRTOS-H7RS.1.1.0
2025-08-31 12:06:09,345 [WARN] PackLoader:240 - Cannot read IP mode file for Cesanta.I-CUBE-Mongoose.7.13.0
2025-08-31 12:06:09,361 [WARN] PackLoader:240 - Cannot read IP mode file for STMicroelectronics.X-CUBE-AZRTOS-G4.2.0.0
2025-08-31 12:06:09,374 [WARN] PackLoader:240 - Cannot read IP mode file for STMicroelectronics.X-CUBE-TOF1.3.3.0
2025-08-31 12:06:09,384 [WARN] PackLoader:240 - Cannot read IP mode file for STMicroelectronics.FP-ATR-ASTRA1.1.1.1
2025-08-31 12:06:09,398 [WARN] PackLoader:240 - Cannot read IP mode file for Infineon.AIROC-Wi-Fi-Bluetooth-STM32.1.5.1
2025-08-31 12:06:09,407 [WARN] PackLoader:240 - Cannot read IP mode file for STMicroelectronics.FP-SNS-MOTENVWB1.1.3.0
2025-08-31 12:06:09,415 [WARN] PackLoader:240 - Cannot read IP mode file for STMicroelectronics.X-CUBE-NFC7.2.0.0
2025-08-31 12:06:09,425 [WARN] PackLoader:240 - Cannot read IP mode file for STMicroelectronics.FP-SNS-MOTENVWB1.1.3.1
2025-08-31 12:06:09,440 [WARN] PackLoader:240 - Cannot read IP mode file for STMicroelectronics.X-CUBE-AZRTOS-G4.1.0.0
2025-08-31 12:06:09,458 [WARN] PackLoader:240 - Cannot read IP mode file for STMicroelectronics.X-CUBE-AZRTOS-L4.1.0.0
2025-08-31 12:06:09,468 [WARN] PackLoader:240 - Cannot read IP mode file for STMicroelectronics.X-CUBE-ISPU.2.0.0
2025-08-31 12:06:09,478 [ERROR] Engine:466 - C:\Users\Daniel\.stm32cubemx\thirdparties\pdsc\STMicroelectronics.X-CUBE-IPS.3.1.0.pdsc: PDSC version is not supported
2025-08-31 12:06:09,486 [WARN] PackLoader:240 - Cannot read IP mode file for STMicroelectronics.X-CUBE-ALS.1.0.2
2025-08-31 12:06:09,508 [WARN] PackLoader:240 - Cannot read IP mode file for STMicroelectronics.X-CUBE-MEMS1.10.0.0
2025-08-31 12:06:09,565 [WARN] PackLoader:240 - Cannot read IP mode file for STMicroelectronics.X-CUBE-FREERTOS.1.1.0
2025-08-31 12:06:09,576 [WARN] PackLoader:240 - Cannot read IP mode file for STMicroelectronics.X-CUBE-TOUCHGFX.4.24.0
2025-08-31 12:06:09,586 [WARN] PackLoader:240 - Cannot read IP mode file for STMicroelectronics.X-CUBE-TOUCHGFX.4.24.2
2025-08-31 12:06:09,603 [WARN] PackLoader:240 - Cannot read IP mode file for STMicroelectronics.X-CUBE-AZRTOS-WL.1.0.0
2025-08-31 12:06:09,615 [WARN] PackLoader:240 - Cannot read IP mode file for STMicroelectronics.X-CUBE-TOUCHGFX.4.24.1
2025-08-31 12:06:09,653 [WARN] PackLoader:240 - Cannot read IP mode file for portGmbH.I-Cube-SoM-uGOAL.1.1.0
2025-08-31 12:06:09,683 [WARN] PackLoader:240 - Cannot read IP mode file for STMicroelectronics.X-CUBE-ALS.1.0.1
2025-08-31 12:06:09,692 [WARN] PackLoader:240 - Cannot read IP mode file for STMicroelectronics.X-CUBE-AI.7.0.0
2025-08-31 12:06:09,726 [WARN] PackLoader:240 - Cannot read IP mode file for STMicroelectronics.X-CUBE-AZRTOS-WB.1.1.0
2025-08-31 12:06:09,741 [WARN] PackLoader:240 - Cannot read IP mode file for STMicroelectronics.X-CUBE-AZRTOS-L5.1.0.0
2025-08-31 12:06:09,751 [WARN] PackLoader:240 - Cannot read IP mode file for STMicroelectronics.X-CUBE-EEPRMA1.3.1.1
2025-08-31 12:06:09,791 [WARN] PackLoader:240 - Cannot read IP mode file for STMicroelectronics.X-CUBE-AZRTOS-H7RS.1.0.0
2025-08-31 12:06:09,801 [WARN] PackLoader:240 - Cannot read IP mode file for STMicroelectronics.FP-ATR-ASTRA1.2.0.0
2025-08-31 12:06:09,813 [WARN] PackLoader:240 - Cannot read IP mode file for STMicroelectronics.X-CUBE-TOF1.3.4.2
2025-08-31 12:06:09,859 [ERROR] Engine:466 - C:\Users\Daniel\.stm32cubemx\thirdparties\pdsc\STMicroelectronics.X-CUBE-TOF1.3.4.3.pdsc: PDSC version is not supported
2025-08-31 12:06:09,872 [WARN] PackLoader:240 - Cannot read IP mode file for STMicroelectronics.X-CUBE-TOF1.3.4.0
2025-08-31 12:06:09,888 [WARN] PackLoader:240 - Cannot read IP mode file for STMicroelectronics.X-CUBE-TOF1.3.4.1
2025-08-31 12:06:09,947 [WARN] PackLoader:240 - Cannot read IP mode file for STMicroelectronics.X-CUBE-AZRTOS-H7.3.2.0
2025-08-31 12:06:09,958 [WARN] PackLoader:240 - Cannot read IP mode file for wolfSSL.I-CUBE-wolfSSH.1.4.17
2025-08-31 12:06:09,959 [INFO] ThirdParty:978 - Integrity check success = true
2025-08-31 12:06:09,959 [INFO] IntegrityCheckThread:100 - exiting critical section [integrity check]
2025-08-31 12:06:09,959 [INFO] IntegrityCheckThread:103 - End integrity checks thread
2025-08-31 17:15:11,706 [ERROR] LogOutputStream:75 - [STDERR_REDIRECT] 
2025-08-31 17:15:11,706 [ERROR] LogOutputStream:75 - [STDERR_REDIRECT] 
